[12:45:05] [main/INFO]: Loading Minecraft 1.21.8 with Fabric Loader 0.16.14
[12:45:06] [main/INFO]: Loading 99 mods:
	- appleskin 3.0.6+mc1.21.6
	- architectury 17.0.8
	- biomesoplenty 21.8.0.17
	   \-- net_jodah_typetools 0.6.3
	- cardinal-components 7.0.0-beta.1
	   |-- cardinal-components-base 7.0.0-beta.1
	   |-- cardinal-components-block 7.0.0-beta.1
	   |-- cardinal-components-chunk 7.0.0-beta.1
	   |-- cardinal-components-entity 7.0.0-beta.1
	   |-- cardinal-components-item 7.0.0-beta.1
	   |-- cardinal-components-level 7.0.0-beta.1
	   |-- cardinal-components-scoreboard 7.0.0-beta.1
	   \-- cardinal-components-world 7.0.0-beta.1
	- cloth-config 19.0.147
	   \-- cloth-basic-math 0.6.1
	- clumps 26.0.0.1
	- cristellib 2.0.3
	   \-- blue_endless_jankson 1.2.3
	- essentialf3 1.4.1
	- fabric-api 0.133.4+1.21.8
	   |-- fabric-api-base 0.5.0+cd8c0daa2c
	   |-- fabric-api-lookup-api-v1 1.6.101+946bf4c32c
	   |-- fabric-biome-api-v1 16.0.11+946bf4c32c
	   |-- fabric-block-api-v1 1.1.3+946bf4c32c
	   |-- fabric-block-view-api-v2 1.0.31+946bf4c32c
	   |-- fabric-command-api-v2 2.3.1+52fff9ec2c
	   |-- fabric-content-registries-v0 10.1.0+c75de69d2c
	   |-- fabric-convention-tags-v1 2.1.41+7f945d5b2c
	   |-- fabric-convention-tags-v2 2.15.6+eb5df52f2c
	   |-- fabric-crash-report-info-v1 0.3.15+946bf4c32c
	   |-- fabric-data-attachment-api-v1 1.8.13+38b5f74e2c
	   |-- fabric-data-generation-api-v1 23.2.7+0b1ef9762c
	   |-- fabric-dimensions-v1 4.0.20+948fc79a2c
	   |-- fabric-entity-events-v1 2.1.2+c9e472732c
	   |-- fabric-events-interaction-v0 4.0.25+946bf4c32c
	   |-- fabric-game-rule-api-v1 1.0.73+c64c9c5b2c
	   |-- fabric-item-api-v1 11.5.0+02ce13f42c
	   |-- fabric-item-group-api-v1 4.2.14+c5f9bbc12c
	   |-- fabric-key-binding-api-v1 1.0.65+946bf4c32c
	   |-- fabric-lifecycle-events-v1 2.6.4+db4dfd852c
	   |-- fabric-loot-api-v2 3.0.56+3f89f5a52c
	   |-- fabric-loot-api-v3 2.0.3+946bf4c32c
	   |-- fabric-message-api-v1 6.1.2+946bf4c32c
	   |-- fabric-model-loading-api-v1 5.2.7+946bf4c32c
	   |-- fabric-networking-api-v1 5.0.3+4ddbf91b2c
	   |-- fabric-object-builder-api-v1 21.1.9+946bf4c32c
	   |-- fabric-particles-v1 4.1.9+946bf4c32c
	   |-- fabric-recipe-api-v1 8.1.16+946bf4c32c
	   |-- fabric-registry-sync-v0 6.1.29+946bf4c32c
	   |-- fabric-renderer-api-v1 7.0.4+208eed172c
	   |-- fabric-renderer-indigo 4.0.4+946bf4c32c
	   |-- fabric-rendering-fluids-v1 3.1.31+fa6cb72b2c
	   |-- fabric-rendering-v1 12.5.1+fbe231d52c
	   |-- fabric-resource-conditions-api-v1 5.0.25+98e6d6db2c
	   |-- fabric-resource-loader-v0 3.1.12+020423442c
	   |-- fabric-screen-api-v1 2.1.1+277ecf7d2c
	   |-- fabric-screen-handler-api-v1 1.3.138+946bf4c32c
	   |-- fabric-serialization-api-v1 1.0.0+fc0e5aba2c
	   |-- fabric-sound-api-v1 1.0.42+946bf4c32c
	   |-- fabric-tag-api-v1 1.2.2+946bf4c32c
	   |-- fabric-transfer-api-v1 6.0.6+946bf4c32c
	   \-- fabric-transitive-access-wideners-v1 6.5.0+c847ce762c
	- fabric-language-kotlin 1.13.6+kotlin.2.2.20
	   |-- org_jetbrains_kotlin_kotlin-reflect 2.2.20
	   |-- org_jetbrains_kotlin_kotlin-stdlib 2.2.20
	   |-- org_jetbrains_kotlin_kotlin-stdlib-jdk7 2.2.20
	   |-- org_jetbrains_kotlin_kotlin-stdlib-jdk8 2.2.20
	   |-- org_jetbrains_kotlinx_atomicfu-jvm 0.29.0
	   |-- org_jetbrains_kotlinx_kotlinx-coroutines-core-jvm 1.10.2
	   |-- org_jetbrains_kotlinx_kotlinx-coroutines-jdk8 1.10.2
	   |-- org_jetbrains_kotlinx_kotlinx-datetime-jvm 0.7.1
	   |-- org_jetbrains_kotlinx_kotlinx-io-bytestring-jvm 0.8.0
	   |-- org_jetbrains_kotlinx_kotlinx-io-core-jvm 0.8.0
	   |-- org_jetbrains_kotlinx_kotlinx-serialization-cbor-jvm 1.9.0
	   |-- org_jetbrains_kotlinx_kotlinx-serialization-core-jvm 1.9.0
	   \-- org_jetbrains_kotlinx_kotlinx-serialization-json-jvm 1.9.0
	- fabricloader 0.16.14
	   \-- mixinextras 0.4.1
	- formations 1.0.4
	- formationsnether 1.0.5
	- formationsoverworld 1.0.5
	- framework 0.12.3
	   |-- com_electronwill_night-config_core 3.7.1
	   |-- com_electronwill_night-config_toml 3.7.1
	   |-- org_javassist_javassist 3.29.2-GA
	   \-- org_reflections_reflections 0.10.2
	- fzzy_config 0.7.2+1.21.6
	   |-- blue_endless_jankson 1.2.3
	   |-- fabric-permissions-api-v0 0.4.0
	   \-- net_peanuuutz_tomlkt_tomlkt-jvm 0.3.7
	- geckolib 5.2.2
	- glitchcore 21.8.0.0
	   \-- net_jodah_typetools 0.6.3
	- goblintraders 1.11.2
	- homesteads 1.0.1
	- jade 19.3.2+fabric
	- java 21
	- journeymap 1.21.8-6.0.0-beta.52
	   |-- ar_com_hjg_pngj 2.1.0
	   |-- commonnetworking 1.0.21-1.21.7
	   \-- journeymap-api-fabric 2.0.0-1.21.7-SNAPSHOT
	- mes 1.4.6-1.21.8-fabric
	- minecraft 1.21.8
	- roughlyenoughitems 20.0.811
	   \-- error_notifier 1.0.11
	- t_and_t 1.13.5
	- terrablender 6.0.0.3
	- travelersbackpack 10.8.2
[12:45:06] [main/INFO]: SpongePowered MIXIN Subsystem Version=0.8.7 Source=file:/workspaces/silver-succotash/servidor_minecraft/libraries/net/fabricmc/sponge-mixin/0.15.5+mixin.0.8.7/sponge-mixin-0.15.5+mixin.0.8.7.jar Service=Knot/Fabric Env=SERVER
[12:45:06] [main/INFO]: Compatibility level set to JAVA_21
[12:45:06] [main/WARN]: Reference map 'cristellib-common-common-refmap.json' for cristellib-common.mixins.json could not be read. If this is a development environment you can ignore this message
[12:45:06] [main/WARN]: Reference map 'formationsnether.mixins.refmap.json' for formationsnether.mixins.json could not be read. If this is a development environment you can ignore this message
[12:45:06] [main/WARN]: Reference map 'formationsoverworld.mixins.refmap.json' for formationsoverworld.mixins.json could not be read. If this is a development environment you can ignore this message
[12:45:06] [main/WARN]: Reference map 'journeymap-refmap.json' for journeymap.mixins.json could not be read. If this is a development environment you can ignore this message
[12:45:06] [main/WARN]: Reference map 'journeymap-refmap.json' for journeymap.fabric.mixins.json could not be read. If this is a development environment you can ignore this message
[12:45:07] [main/WARN]: Error loading class: net/minecraft/class_897 (java.lang.ClassNotFoundException: net/minecraft/class_897)
[12:45:07] [main/WARN]: @Mixin target net.minecraft.class_897 was not found geckolib.mixins.json:client.EntityRendererMixin from mod geckolib
[12:45:07] [main/WARN]: Error loading class: net/minecraft/class_938 (java.lang.ClassNotFoundException: net/minecraft/class_938)
[12:45:07] [main/WARN]: @Mixin target net.minecraft.class_938 was not found journeymap.mixins.json:client.SalmonRendererInvoker from mod journeymap
[12:45:07] [main/WARN]: Error loading class: net/fabricmc/fabric/api/client/rendering/v1/EntityModelLayerRegistry$TexturedModelDataProvider (java.lang.ClassNotFoundException: net/fabricmc/fabric/api/client/rendering/v1/EntityModelLayerRegistry$TexturedModelDataProvider)
[12:45:07] [main/INFO]: Initializing MixinExtras via com.llamalad7.mixinextras.service.MixinExtrasServiceImpl(version=0.4.1).
[12:45:14] [main/INFO]: EssentialF3 mod loaded successfully! F3 replacement is now active.
[12:45:15] [main/INFO]: Reflections took 86 ms to scan 2 urls, producing 7 keys and 77 values
[12:45:16] [main/INFO]: Registering block: tanning_rack
[12:45:16] [main/INFO]: Block registry key: ResourceKey[minecraft:block / homesteads:tanning_rack]
[12:45:16] [main/INFO]: Successfully registered block: tanning_rack
[12:45:16] [main/INFO]: Registering block: honey_bottling_station
[12:45:16] [main/INFO]: Block registry key: ResourceKey[minecraft:block / homesteads:honey_bottling_station]
[12:45:17] [main/INFO]: Successfully registered block: honey_bottling_station
[12:45:17] [main/INFO]: Registering block: wood_work_log
[12:45:17] [main/INFO]: Block registry key: ResourceKey[minecraft:block / homesteads:wood_work_log]
[12:45:17] [main/INFO]: Successfully registered block: wood_work_log
[12:45:17] [main/INFO]: Registering block: prospectors_bench
[12:45:17] [main/INFO]: Block registry key: ResourceKey[minecraft:block / homesteads:prospectors_bench]
[12:45:17] [main/INFO]: Successfully registered block: prospectors_bench
[12:45:17] [main/INFO]: Registering block: forager_bench
[12:45:17] [main/INFO]: Block registry key: ResourceKey[minecraft:block / homesteads:forager_bench]
[12:45:17] [main/INFO]: Successfully registered block: forager_bench
[12:45:17] [main/INFO]: ModBlocks.initialize() called
[12:45:17] [main/INFO]: ModBlocks registration complete
[12:45:17] [main/INFO]: ModItems.initialize() called
[12:45:17] [main/INFO]: TANNING_RACK item: homesteads:tanning_rack
[12:45:17] [main/INFO]: === Starting POI and Profession Registration ===
[12:45:17] [main/INFO]: Verifying blocks exist:
[12:45:17] [main/INFO]: TANNING_RACK: Block{homesteads:tanning_rack}
[12:45:17] [main/INFO]: BOTTELING_STATION: Block{homesteads:honey_bottling_station}
[12:45:17] [main/INFO]: WOOD_WORK_LOG: Block{homesteads:wood_work_log}
[12:45:17] [main/INFO]: PROSPECTORS_BENCH: Block{homesteads:prospectors_bench}
[12:45:17] [main/INFO]: FORAGER_BENCH: Block{homesteads:forager_bench}
[12:45:17] [main/INFO]: === Registering POI types ===
[12:45:17] [main/INFO]: Registering POI: tanning_rack_poi with block: homesteads:tanning_rack
[12:45:17] [main/INFO]: Successfully registered POI: tanning_rack_poi -> class_4158[matchingStates=[Block{homesteads:tanning_rack}[facing=east], Block{homesteads:tanning_rack}[facing=north], Block{homesteads:tanning_rack}[facing=west], Block{homesteads:tanning_rack}[facing=south]], maxTickets=1, validRange=1]
[12:45:17] [main/INFO]: Registering POI: honey_bottling_station_poi with block: homesteads:honey_bottling_station
[12:45:17] [main/INFO]: Successfully registered POI: honey_bottling_station_poi -> class_4158[matchingStates=[Block{homesteads:honey_bottling_station}[facing=west], Block{homesteads:honey_bottling_station}[facing=south], Block{homesteads:honey_bottling_station}[facing=north], Block{homesteads:honey_bottling_station}[facing=east]], maxTickets=1, validRange=1]
[12:45:17] [main/INFO]: Registering POI: wood_work_log_poi with block: homesteads:wood_work_log
[12:45:17] [main/INFO]: Successfully registered POI: wood_work_log_poi -> class_4158[matchingStates=[Block{homesteads:wood_work_log}[facing=south], Block{homesteads:wood_work_log}[facing=west], Block{homesteads:wood_work_log}[facing=north], Block{homesteads:wood_work_log}[facing=east]], maxTickets=1, validRange=1]
[12:45:17] [main/INFO]: Registering POI: prospectors_bench_poi with block: homesteads:prospectors_bench
[12:45:17] [main/INFO]: Successfully registered POI: prospectors_bench_poi -> class_4158[matchingStates=[Block{homesteads:prospectors_bench}[facing=east], Block{homesteads:prospectors_bench}[facing=west], Block{homesteads:prospectors_bench}[facing=north], Block{homesteads:prospectors_bench}[facing=south]], maxTickets=1, validRange=1]
[12:45:17] [main/INFO]: Registering POI: forager_bench_poi with block: homesteads:forager_bench
[12:45:17] [main/INFO]: Successfully registered POI: forager_bench_poi -> class_4158[matchingStates=[Block{homesteads:forager_bench}[facing=south], Block{homesteads:forager_bench}[facing=north], Block{homesteads:forager_bench}[facing=east], Block{homesteads:forager_bench}[facing=west]], maxTickets=1, validRange=1]
[12:45:17] [main/INFO]: === Registering villager professions ===
[12:45:17] [main/INFO]: Registering profession: home_steader with POI: tanning_rack_poi
[12:45:17] [main/INFO]: Created POI key: homesteads:tanning_rack_poi
[12:45:17] [main/INFO]: Successfully registered profession: home_steader -> class_3852[name=translation{key='entity.minecraft.villager.homesteads.home_steader', args=[]}, heldJobSite=com.voxelforge.ModVillagerProfessions$$Lambda/0x0000766ec8e85e98@bf4b664, acquirableJobSite=com.voxelforge.ModVillagerProfessions$$Lambda/0x0000766ec8e860f0@3ae88a25, requestedItems=[], secondaryPoi=[], workSound=class_3414[location=minecraft:block.wool.hit, fixedRange=Optional.empty]]
[12:45:17] [main/INFO]: Registering profession: bee_keeper with POI: honey_bottling_station_poi
[12:45:17] [main/INFO]: Created POI key: homesteads:honey_bottling_station_poi
[12:45:17] [main/INFO]: Successfully registered profession: bee_keeper -> class_3852[name=translation{key='entity.minecraft.villager.homesteads.bee_keeper', args=[]}, heldJobSite=com.voxelforge.ModVillagerProfessions$$Lambda/0x0000766ec8e85e98@770f9cbc, acquirableJobSite=com.voxelforge.ModVillagerProfessions$$Lambda/0x0000766ec8e860f0@3c43e8d8, requestedItems=[], secondaryPoi=[], workSound=class_3414[location=minecraft:block.honey_block.place, fixedRange=Optional.empty]]
[12:45:17] [main/INFO]: Registering profession: lumber_jack with POI: wood_work_log_poi
[12:45:17] [main/INFO]: Created POI key: homesteads:wood_work_log_poi
[12:45:17] [main/INFO]: Successfully registered profession: lumber_jack -> class_3852[name=translation{key='entity.minecraft.villager.homesteads.lumber_jack', args=[]}, heldJobSite=com.voxelforge.ModVillagerProfessions$$Lambda/0x0000766ec8e85e98@742573d5, acquirableJobSite=com.voxelforge.ModVillagerProfessions$$Lambda/0x0000766ec8e860f0@58f79eeb, requestedItems=[], secondaryPoi=[], workSound=class_3414[location=minecraft:block.wood.break, fixedRange=Optional.empty]]
[12:45:17] [main/INFO]: Registering profession: prospector with POI: prospectors_bench_poi
[12:45:17] [main/INFO]: Created POI key: homesteads:prospectors_bench_poi
[12:45:17] [main/INFO]: Successfully registered profession: prospector -> class_3852[name=translation{key='entity.minecraft.villager.homesteads.prospector', args=[]}, heldJobSite=com.voxelforge.ModVillagerProfessions$$Lambda/0x0000766ec8e85e98@647b4c49, acquirableJobSite=com.voxelforge.ModVillagerProfessions$$Lambda/0x0000766ec8e860f0@6f3052e9, requestedItems=[], secondaryPoi=[], workSound=class_3414[location=minecraft:block.stone.break, fixedRange=Optional.empty]]
[12:45:17] [main/INFO]: Registering profession: forager with POI: forager_bench_poi
[12:45:17] [main/INFO]: Created POI key: homesteads:forager_bench_poi
[12:45:17] [main/INFO]: Successfully registered profession: forager -> class_3852[name=translation{key='entity.minecraft.villager.homesteads.forager', args=[]}, heldJobSite=com.voxelforge.ModVillagerProfessions$$Lambda/0x0000766ec8e85e98@409a3d8f, acquirableJobSite=com.voxelforge.ModVillagerProfessions$$Lambda/0x0000766ec8e860f0@10c305fd, requestedItems=[], secondaryPoi=[], workSound=class_3414[location=minecraft:block.flowering_azalea.step, fixedRange=Optional.empty]]
[12:45:17] [main/INFO]: === Registration Complete ===
[12:45:17] [main/INFO]: === All registered POI types ===
[12:45:17] [main/INFO]: POI: homesteads:forager_bench_poi -> class_4158[matchingStates=[Block{homesteads:forager_bench}[facing=south], Block{homesteads:forager_bench}[facing=north], Block{homesteads:forager_bench}[facing=east], Block{homesteads:forager_bench}[facing=west]], maxTickets=1, validRange=1]
[12:45:17] [main/INFO]: POI: homesteads:tanning_rack_poi -> class_4158[matchingStates=[Block{homesteads:tanning_rack}[facing=east], Block{homesteads:tanning_rack}[facing=north], Block{homesteads:tanning_rack}[facing=west], Block{homesteads:tanning_rack}[facing=south]], maxTickets=1, validRange=1]
[12:45:17] [main/INFO]: POI: homesteads:honey_bottling_station_poi -> class_4158[matchingStates=[Block{homesteads:honey_bottling_station}[facing=west], Block{homesteads:honey_bottling_station}[facing=south], Block{homesteads:honey_bottling_station}[facing=north], Block{homesteads:honey_bottling_station}[facing=east]], maxTickets=1, validRange=1]
[12:45:17] [main/INFO]: POI: homesteads:wood_work_log_poi -> class_4158[matchingStates=[Block{homesteads:wood_work_log}[facing=south], Block{homesteads:wood_work_log}[facing=west], Block{homesteads:wood_work_log}[facing=north], Block{homesteads:wood_work_log}[facing=east]], maxTickets=1, validRange=1]
[12:45:17] [main/INFO]: POI: homesteads:prospectors_bench_poi -> class_4158[matchingStates=[Block{homesteads:prospectors_bench}[facing=east], Block{homesteads:prospectors_bench}[facing=west], Block{homesteads:prospectors_bench}[facing=north], Block{homesteads:prospectors_bench}[facing=south]], maxTickets=1, validRange=1]
[12:45:17] [main/INFO]: === All registered villager professions ===
[12:45:17] [main/INFO]: Profession: homesteads:forager -> class_3852[name=translation{key='entity.minecraft.villager.homesteads.forager', args=[]}, heldJobSite=com.voxelforge.ModVillagerProfessions$$Lambda/0x0000766ec8e85e98@409a3d8f, acquirableJobSite=com.voxelforge.ModVillagerProfessions$$Lambda/0x0000766ec8e860f0@10c305fd, requestedItems=[], secondaryPoi=[], workSound=class_3414[location=minecraft:block.flowering_azalea.step, fixedRange=Optional.empty]]
[12:45:17] [main/INFO]: Profession: homesteads:lumber_jack -> class_3852[name=translation{key='entity.minecraft.villager.homesteads.lumber_jack', args=[]}, heldJobSite=com.voxelforge.ModVillagerProfessions$$Lambda/0x0000766ec8e85e98@742573d5, acquirableJobSite=com.voxelforge.ModVillagerProfessions$$Lambda/0x0000766ec8e860f0@58f79eeb, requestedItems=[], secondaryPoi=[], workSound=class_3414[location=minecraft:block.wood.break, fixedRange=Optional.empty]]
[12:45:17] [main/INFO]: Profession: homesteads:bee_keeper -> class_3852[name=translation{key='entity.minecraft.villager.homesteads.bee_keeper', args=[]}, heldJobSite=com.voxelforge.ModVillagerProfessions$$Lambda/0x0000766ec8e85e98@770f9cbc, acquirableJobSite=com.voxelforge.ModVillagerProfessions$$Lambda/0x0000766ec8e860f0@3c43e8d8, requestedItems=[], secondaryPoi=[], workSound=class_3414[location=minecraft:block.honey_block.place, fixedRange=Optional.empty]]
[12:45:17] [main/INFO]: Profession: homesteads:home_steader -> class_3852[name=translation{key='entity.minecraft.villager.homesteads.home_steader', args=[]}, heldJobSite=com.voxelforge.ModVillagerProfessions$$Lambda/0x0000766ec8e85e98@bf4b664, acquirableJobSite=com.voxelforge.ModVillagerProfessions$$Lambda/0x0000766ec8e860f0@3ae88a25, requestedItems=[], secondaryPoi=[], workSound=class_3414[location=minecraft:block.wool.hit, fixedRange=Optional.empty]]
[12:45:17] [main/INFO]: Profession: homesteads:prospector -> class_3852[name=translation{key='entity.minecraft.villager.homesteads.prospector', args=[]}, heldJobSite=com.voxelforge.ModVillagerProfessions$$Lambda/0x0000766ec8e85e98@647b4c49, acquirableJobSite=com.voxelforge.ModVillagerProfessions$$Lambda/0x0000766ec8e860f0@6f3052e9, requestedItems=[], secondaryPoi=[], workSound=class_3414[location=minecraft:block.stone.break, fixedRange=Optional.empty]]
[12:45:17] [main/INFO]: Homesteads initialized!
[12:45:17] [main/INFO]: Initializing ServerSide Packet Registries
[12:45:17] [main/INFO]: Registering C2S receiver with id roughlyenoughitems:request_tags_c2s
[12:45:17] [main/INFO]: [REI] Registered plugin provider DefaultPlugin [roughlyenoughitems] for REICommonPlugin
[12:45:17] [main/INFO]: [REI] Registered plugin provider DefaultRuntimePlugin [roughlyenoughitems] for REICommonPlugin
[12:45:17] [main/INFO]: [REI] Registered plugin provider FabricFluidAPISupportPlugin for REICommonPlugin
[12:45:17] [main/INFO]: Registering C2S receiver with id roughlyenoughitems:delete_item
[12:45:17] [main/INFO]: Registering C2S receiver with id roughlyenoughitems:create_item
[12:45:17] [main/INFO]: Registering C2S receiver with id roughlyenoughitems:create_item_grab
[12:45:17] [main/INFO]: Registering C2S receiver with id roughlyenoughitems:create_item_hotbar
[12:45:17] [main/INFO]: Registering C2S receiver with id roughlyenoughitems:move_items_new
[12:45:17] [main/INFO]: Registered region minecraft:overworld to index 0 for type OVERWORLD
[12:45:17] [main/INFO]: Registered region minecraft:nether to index 0 for type NETHER
[12:45:17] [main/INFO]: Registered region biomesoplenty:overworld_primary to index 1 for type OVERWORLD
[12:45:17] [main/INFO]: Registered region biomesoplenty:overworld_secondary to index 2 for type OVERWORLD
[12:45:17] [main/INFO]: Registered region biomesoplenty:overworld_rare to index 3 for type OVERWORLD
[12:45:17] [main/INFO]: Registered region biomesoplenty:nether_common to index 1 for type NETHER
[12:45:17] [main/INFO]: Registered region biomesoplenty:nether_rare to index 2 for type NETHER
[12:45:17] [main/INFO]: Registered the FluidEffect with Unique ID of minecraft:water for Water (Fluid Amount Required: 81000) with the ID 0
[12:45:17] [main/INFO]: Registered the FluidEffect with Unique ID of minecraft:lava for Lava (Fluid Amount Required: 81000) with the ID 1
[12:45:17] [main/INFO]: Registered the FluidEffect with Unique ID of travelersbackpack:potion for block.travelersbackpack.potion_still (Fluid Amount Required: 27000) with the ID 2
[12:45:17] [main/INFO]: Registered the FluidEffect with Unique ID of minecraft:milk for Air (Fluid Amount Required: 81000) with the ID 3
[12:45:17] [main/INFO]: Environment: Environment[sessionHost=https://sessionserver.mojang.com, servicesHost=https://api.minecraftservices.com, name=PROD]
[12:45:20] [main/INFO]: Loaded 1889 recipes
[12:45:20] [main/INFO]: Loaded 2032 advancements
[12:45:20] [main/INFO]: Initialized TerraBlender biomes for level stem minecraft:overworld
[12:45:20] [main/INFO]: Initialized TerraBlender biomes for level stem minecraft:the_nether
[12:45:20] [main/INFO]: Applied 0 biome modifications to 0 of 134 new biomes in 1.763 ms
[12:45:20] [Server thread/INFO]: Loading server configs...
[12:45:20] [Server thread/INFO]: Starting minecraft server version 1.21.8
[12:45:20] [Server thread/INFO]: Loading properties
[12:45:20] [Server thread/INFO]: Default game type: SURVIVAL
[12:45:20] [Server thread/INFO]: Generating keypair
[12:45:20] [Server thread/INFO]: Starting Minecraft server on *:25565
[12:45:20] [Server thread/INFO]: Using epoll channel type
[12:45:20] [Server thread/WARN]: **** SERVER IS RUNNING IN OFFLINE/INSECURE MODE!
[12:45:20] [Server thread/WARN]: The server will make no attempt to authenticate usernames. Beware.
[12:45:20] [Server thread/WARN]: While this makes the game possible to play without internet access, it also opens up the ability for hackers to connect with any username they choose.
[12:45:20] [Server thread/WARN]: To change this, set "online-mode" to "true" in the server.properties file.
[12:45:20] [Server thread/INFO]: Preparing level "world"
[12:45:21] [Server thread/INFO]: Preparing start region for dimension minecraft:overworld
[12:45:27] [Worker-Main-3/INFO]: Preparing spawn area: 0%
[12:45:27] [Worker-Main-3/INFO]: Preparing spawn area: 0%
[12:45:27] [Worker-Main-3/INFO]: Preparing spawn area: 0%
[12:45:27] [Worker-Main-3/INFO]: Preparing spawn area: 0%
[12:45:27] [Worker-Main-3/INFO]: Preparing spawn area: 0%
[12:45:27] [Worker-Main-3/INFO]: Preparing spawn area: 0%
[12:45:27] [Worker-Main-3/INFO]: Preparing spawn area: 0%
[12:45:27] [Worker-Main-3/INFO]: Preparing spawn area: 0%
[12:45:27] [Worker-Main-3/INFO]: Preparing spawn area: 0%
[12:45:27] [Worker-Main-3/INFO]: Preparing spawn area: 0%
[12:45:27] [Worker-Main-3/INFO]: Preparing spawn area: 0%
[12:45:27] [Worker-Main-3/INFO]: Preparing spawn area: 0%
[12:45:27] [Server thread/INFO]: Time elapsed: 5978 ms
[12:45:27] [Server thread/INFO]: Done (6.384s)! For help, type "help"
[12:45:27] [Server thread/INFO]: [REI] ****************************************
[12:45:27] [Server thread/INFO]: [REI] REICommonPlugin starting main-reload for START.
[12:45:27] [Server thread/INFO]: [REI] Plugins (3):
[12:45:27] [Server thread/INFO]: [REI]  - (-100.00) DefaultPlugin of DefaultPlugin [roughlyenoughitems]
[12:45:27] [Server thread/INFO]: [REI]  - (0.00) FabricFluidAPISupportPlugin
[12:45:27] [Server thread/INFO]: [REI]  - (0.00) DefaultRuntimePlugin of DefaultRuntimePlugin [roughlyenoughitems]
[12:45:27] [Server thread/INFO]: [REI] ****************************************
[12:45:27] [Server thread/INFO]: [REI] REICommonPlugin finished post-reload for START in 2.070 ms, totaling 70.50 ms.
[12:45:27] [Server thread/INFO]: [REI] ========================================
[12:45:27] [Server thread/INFO]: [REI] REICommonPlugin starting main-reload for END.
[12:45:27] [Server thread/INFO]: [REI] Plugins (3):
[12:45:27] [Server thread/INFO]: [REI]  - (-100.00) DefaultPlugin of DefaultPlugin [roughlyenoughitems]
[12:45:27] [Server thread/INFO]: [REI]  - (0.00) FabricFluidAPISupportPlugin
[12:45:27] [Server thread/INFO]: [REI]  - (0.00) DefaultRuntimePlugin of DefaultRuntimePlugin [roughlyenoughitems]
[12:45:27] [Server thread/INFO]: [REI] ========================================
[12:45:27] [Server thread/INFO]: [REI] REICommonPlugin finished post-reload for END in 1.141 ms, totaling 70.22 ms.
[12:45:27] [Server thread/INFO]: Start loading plugin from Jade: snownee.jade.addon.core.CorePlugin
[12:45:27] [Server thread/INFO]: Start loading plugin from Jade: snownee.jade.addon.vanilla.VanillaPlugin
[12:45:27] [Server thread/INFO]: Start loading plugin from Jade: snownee.jade.addon.universal.UniversalPlugin
[12:45:27] [Server thread/INFO]: Start loading plugin from Jade: snownee.jade.addon.access.AccessibilityPlugin
[12:45:27] [Server thread/INFO]: Start loading plugin from Jade: snownee.jade.addon.debug.DebugPlugin
[12:45:27] [Server thread/INFO]: Loaded null for service interface journeymap.api.services.WebMapService
[12:45:27] [Server thread/INFO]: Loaded journeymap.common.helpers.FabricClientHooks@23099e4d for service interface journeymap.api.services.ClientPlatformService
[12:45:27] [Server thread/INFO]: Loaded journeymap.common.helpers.FabricHooks@7a92460b for service interface journeymap.api.services.CommonPlatformService
[12:46:27] [Server thread/INFO]: Server empty for 60 seconds, pausing
[12:54:14] [Server thread/INFO]: dotitwo[/127.174.95.116:59129] logged in with entity id 34 at (-559.5, 102.0, -53.5)
[12:54:14] [Server thread/INFO]: Loading config from file...
[12:54:14] [Server thread/INFO]: dotitwo joined the game
