[19:43:42] [main/INFO] ========================================
[19:43:42] [main/INFO] Minecraft: 1.21.8
[19:43:42] [main/INFO] Side: server
[19:43:42] [main/INFO] Development: false
[19:43:42] [main/INFO] Version: 20.0.811
[19:43:42] [main/INFO] Loader:
[19:43:42] [main/INFO] - Fabric: 0.16.14
[19:43:42] [main/INFO] - Fabric API: 0.133.4+1.21.8
[19:43:42] [main/INFO] Dependencies:
[19:43:42] [main/INFO] - Cloth Config: 19.0.147
[19:43:42] [main/INFO] - Architectury: 17.0.8
[19:43:42] [main/INFO] Mixin: 0.8.7
[19:43:42] [main/INFO] OS: Linux 6.8.0-1030-azure (amd64)
[19:43:42] [main/INFO] Java: 21.0.8 (Ubuntu)
[19:43:42] [main/INFO] ========================================
[19:43:42] [main/INFO] Mods:
[19:43:42] [main/INFO] - appleskin: 3.0.6+mc1.21.6
[19:43:42] [main/INFO] - ar_com_hjg_pngj: 2.1.0
[19:43:42] [main/INFO] - architectury: 17.0.8
[19:43:42] [main/INFO] - biomesoplenty: 21.8.0.17
[19:43:42] [main/INFO] - blue_endless_jankson: 1.2.3
[19:43:42] [main/INFO] - cardinal-components: 7.0.0-beta.1
[19:43:42] [main/INFO] - cardinal-components-base: 7.0.0-beta.1
[19:43:42] [main/INFO] - cardinal-components-block: 7.0.0-beta.1
[19:43:42] [main/INFO] - cardinal-components-chunk: 7.0.0-beta.1
[19:43:42] [main/INFO] - cardinal-components-entity: 7.0.0-beta.1
[19:43:42] [main/INFO] - cardinal-components-item: 7.0.0-beta.1
[19:43:42] [main/INFO] - cardinal-components-level: 7.0.0-beta.1
[19:43:42] [main/INFO] - cardinal-components-scoreboard: 7.0.0-beta.1
[19:43:42] [main/INFO] - cardinal-components-world: 7.0.0-beta.1
[19:43:42] [main/INFO] - cloth-basic-math: 0.6.1
[19:43:42] [main/INFO] - cloth-config: 19.0.147
[19:43:42] [main/INFO] - cloth-config: 19.0.147
[19:43:42] [main/INFO] - clumps: 26.0.0.1
[19:43:42] [main/INFO] - com_electronwill_night-config_core: 3.7.1
[19:43:42] [main/INFO] - com_electronwill_night-config_toml: 3.7.1
[19:43:42] [main/INFO] - commonnetworking: 1.0.21-1.21.7
[19:43:42] [main/INFO] - cristellib: 2.0.3
[19:43:42] [main/INFO] - error_notifier: 1.0.11
[19:43:42] [main/INFO] - essentialf3: 1.4.1
[19:43:42] [main/INFO] - fabric-api: 0.133.4+1.21.8
[19:43:42] [main/INFO] - fabric-api: 0.133.4+1.21.8
[19:43:42] [main/INFO] - fabric-api-base: 0.5.0+cd8c0daa2c
[19:43:42] [main/INFO] - fabric-api-lookup-api-v1: 1.6.101+946bf4c32c
[19:43:42] [main/INFO] - fabric-biome-api-v1: 16.0.11+946bf4c32c
[19:43:42] [main/INFO] - fabric-block-api-v1: 1.1.3+946bf4c32c
[19:43:42] [main/INFO] - fabric-block-view-api-v2: 1.0.31+946bf4c32c
[19:43:42] [main/INFO] - fabric-command-api-v2: 2.3.1+52fff9ec2c
[19:43:42] [main/INFO] - fabric-content-registries-v0: 10.1.0+c75de69d2c
[19:43:42] [main/INFO] - fabric-convention-tags-v1: 2.1.41+7f945d5b2c
[19:43:42] [main/INFO] - fabric-convention-tags-v2: 2.15.6+eb5df52f2c
[19:43:42] [main/INFO] - fabric-crash-report-info-v1: 0.3.15+946bf4c32c
[19:43:42] [main/INFO] - fabric-data-attachment-api-v1: 1.8.13+38b5f74e2c
[19:43:42] [main/INFO] - fabric-data-generation-api-v1: 23.2.7+0b1ef9762c
[19:43:42] [main/INFO] - fabric-dimensions-v1: 4.0.20+948fc79a2c
[19:43:42] [main/INFO] - fabric-entity-events-v1: 2.1.2+c9e472732c
[19:43:42] [main/INFO] - fabric-events-interaction-v0: 4.0.25+946bf4c32c
[19:43:42] [main/INFO] - fabric-game-rule-api-v1: 1.0.73+c64c9c5b2c
[19:43:42] [main/INFO] - fabric-item-api-v1: 11.5.0+02ce13f42c
[19:43:42] [main/INFO] - fabric-item-group-api-v1: 4.2.14+c5f9bbc12c
[19:43:42] [main/INFO] - fabric-language-kotlin: 1.13.6+kotlin.2.2.20
[19:43:42] [main/INFO] - fabric-lifecycle-events-v1: 2.6.4+db4dfd852c
[19:43:42] [main/INFO] - fabric-loot-api-v2: 3.0.56+3f89f5a52c
[19:43:42] [main/INFO] - fabric-loot-api-v3: 2.0.3+946bf4c32c
[19:43:42] [main/INFO] - fabric-message-api-v1: 6.1.2+946bf4c32c
[19:43:42] [main/INFO] - fabric-networking-api-v1: 5.0.3+4ddbf91b2c
[19:43:42] [main/INFO] - fabric-object-builder-api-v1: 21.1.9+946bf4c32c
[19:43:42] [main/INFO] - fabric-particles-v1: 4.1.9+946bf4c32c
[19:43:42] [main/INFO] - fabric-permissions-api-v0: 0.4.0
[19:43:42] [main/INFO] - fabric-recipe-api-v1: 8.1.16+946bf4c32c
[19:43:42] [main/INFO] - fabric-registry-sync-v0: 6.1.29+946bf4c32c
[19:43:42] [main/INFO] - fabric-rendering-fluids-v1: 3.1.31+fa6cb72b2c
[19:43:42] [main/INFO] - fabric-resource-conditions-api-v1: 5.0.25+98e6d6db2c
[19:43:42] [main/INFO] - fabric-resource-loader-v0: 3.1.12+020423442c
[19:43:42] [main/INFO] - fabric-screen-handler-api-v1: 1.3.138+946bf4c32c
[19:43:42] [main/INFO] - fabric-serialization-api-v1: 1.0.0+fc0e5aba2c
[19:43:42] [main/INFO] - fabric-tag-api-v1: 1.2.2+946bf4c32c
[19:43:42] [main/INFO] - fabric-transfer-api-v1: 6.0.6+946bf4c32c
[19:43:42] [main/INFO] - fabric-transitive-access-wideners-v1: 6.5.0+c847ce762c
[19:43:42] [main/INFO] - fabricloader: 0.16.14
[19:43:42] [main/INFO] - formations: 1.0.4
[19:43:42] [main/INFO] - formationsnether: 1.0.5
[19:43:42] [main/INFO] - formationsoverworld: 1.0.5
[19:43:42] [main/INFO] - framework: 0.12.3
[19:43:42] [main/INFO] - fzzy_config: 0.7.2+1.21.6
[19:43:42] [main/INFO] - geckolib: 5.2.2
[19:43:42] [main/INFO] - glitchcore: 21.8.0.0
[19:43:42] [main/INFO] - goblintraders: 1.11.2
[19:43:42] [main/INFO] - homesteads: 1.0.1
[19:43:42] [main/INFO] - jade: 19.3.2+fabric
[19:43:42] [main/INFO] - java: 21
[19:43:42] [main/INFO] - journeymap: 1.21.8-6.0.0-beta.52
[19:43:42] [main/INFO] - journeymap-api-fabric: 2.0.0-1.21.7-SNAPSHOT
[19:43:42] [main/INFO] - mes: 1.4.6-1.21.8-fabric
[19:43:42] [main/INFO] - minecraft: 1.21.8
[19:43:42] [main/INFO] - mixinextras: 0.4.1
[19:43:42] [main/INFO] - net_jodah_typetools: 0.6.3
[19:43:42] [main/INFO] - net_peanuuutz_tomlkt_tomlkt-jvm: 0.3.7
[19:43:42] [main/INFO] - org_javassist_javassist: 3.29.2-GA
[19:43:42] [main/INFO] - org_jetbrains_kotlin_kotlin-reflect: 2.2.20
[19:43:42] [main/INFO] - org_jetbrains_kotlin_kotlin-stdlib: 2.2.20
[19:43:42] [main/INFO] - org_jetbrains_kotlin_kotlin-stdlib-jdk7: 2.2.20
[19:43:42] [main/INFO] - org_jetbrains_kotlin_kotlin-stdlib-jdk8: 2.2.20
[19:43:42] [main/INFO] - org_jetbrains_kotlinx_atomicfu-jvm: 0.29.0
[19:43:42] [main/INFO] - org_jetbrains_kotlinx_kotlinx-coroutines-core-jvm: 1.10.2
[19:43:42] [main/INFO] - org_jetbrains_kotlinx_kotlinx-coroutines-jdk8: 1.10.2
[19:43:42] [main/INFO] - org_jetbrains_kotlinx_kotlinx-datetime-jvm: 0.7.1
[19:43:42] [main/INFO] - org_jetbrains_kotlinx_kotlinx-io-bytestring-jvm: 0.8.0
[19:43:42] [main/INFO] - org_jetbrains_kotlinx_kotlinx-io-core-jvm: 0.8.0
[19:43:42] [main/INFO] - org_jetbrains_kotlinx_kotlinx-serialization-cbor-jvm: 1.9.0
[19:43:42] [main/INFO] - org_jetbrains_kotlinx_kotlinx-serialization-core-jvm: 1.9.0
[19:43:42] [main/INFO] - org_jetbrains_kotlinx_kotlinx-serialization-json-jvm: 1.9.0
[19:43:42] [main/INFO] - org_reflections_reflections: 0.10.2
[19:43:42] [main/INFO] - roughlyenoughitems: 20.0.811
[19:43:42] [main/INFO] - t_and_t: 1.13.5
[19:43:42] [main/INFO] - terrablender: 6.0.0.3
[19:43:42] [main/INFO] - travelersbackpack: 10.8.2
[19:43:42] [main/INFO] ========================================
[19:43:42] [main/INFO] [REI] Registered plugin provider DefaultPlugin [roughlyenoughitems] for REICommonPlugin
[19:43:42] [main/INFO] [REI] Registered plugin provider DefaultRuntimePlugin [roughlyenoughitems] for REICommonPlugin
[19:43:42] [main/INFO] [REI] Registered plugin provider FabricFluidAPISupportPlugin for REICommonPlugin
[19:43:43] [main/DEBUG] [REI] Processed 5 tags in 541.5 μs for minecraft:game_event
[19:43:43] [main/DEBUG] [REI] Processed 3 tags in 57.76 μs for minecraft:point_of_interest_type
[19:43:43] [main/DEBUG] [REI] Processed 347 tags in 3.350 ms for minecraft:block
[19:43:43] [main/DEBUG] [REI] Processed 479 tags in 1.107 ms for minecraft:item
[19:43:43] [main/DEBUG] [REI] Processed 7 tags in 19.16 μs for minecraft:fluid
[19:43:43] [main/DEBUG] [REI] Processed 43 tags in 142.5 μs for minecraft:entity_type
[19:43:52] [Server thread/DEBUG] [REI] Starting Reload Plugins of stage null
java.lang.Throwable
	at knot//me.shedaniel.rei.impl.common.plugins.ReloadManagerImpl.reloadPlugins(ReloadManagerImpl.java:110)
	at knot//me.shedaniel.rei.RoughlyEnoughItemsCore.lambda$onInitialize$5(RoughlyEnoughItemsCore.java:157)
	at knot//dev.architectury.event.fabric.EventHandlerImpl.lambda$registerCommon$10(EventHandlerImpl.java:67)
	at knot//net.fabricmc.fabric.api.event.lifecycle.v1.ServerLifecycleEvents.lambda$static$2(ServerLifecycleEvents.java:49)
	at knot//net.minecraft.server.MinecraftServer.handler$zjd000$fabric-lifecycle-events-v1$afterSetupServer(MinecraftServer.java:4702)
	at knot//net.minecraft.server.MinecraftServer.method_29741(MinecraftServer.java:676)
	at knot//net.minecraft.server.MinecraftServer.method_29739(MinecraftServer.java:291)
	at java.base/java.lang.Thread.run(Thread.java:1583)
[19:43:52] [Server thread/DEBUG] [REI] ========================================
[19:43:52] [Server thread/DEBUG] [REI] REICommonPlugin starting pre-reload for START.
[19:43:52] [Server thread/DEBUG] [REI] Reloadables (8):
[19:43:52] [Server thread/DEBUG] [REI]  - SlotAccessorRegistryImpl
[19:43:52] [Server thread/DEBUG] [REI]  - EntryTypeRegistryImpl
[19:43:52] [Server thread/DEBUG] [REI]  - EntrySettingsAdapterRegistryImpl
[19:43:52] [Server thread/DEBUG] [REI]  - ItemComparatorRegistryImpl
[19:43:52] [Server thread/DEBUG] [REI]  - FluidComparatorRegistryImpl
[19:43:52] [Server thread/DEBUG] [REI]  - DisplaySerializerRegistryImpl
[19:43:52] [Server thread/DEBUG] [REI]  - ServerDisplayRegistryImpl
[19:43:52] [Server thread/DEBUG] [REI]  - FluidSupportProviderImpl
[19:43:52] [Server thread/DEBUG] [REI] Plugins (3):
[19:43:52] [Server thread/DEBUG] [REI]  - (-100.00) DefaultPlugin of DefaultPlugin [roughlyenoughitems]
[19:43:52] [Server thread/DEBUG] [REI]  - (0.00) FabricFluidAPISupportPlugin
[19:43:52] [Server thread/DEBUG] [REI]  - (0.00) DefaultRuntimePlugin of DefaultRuntimePlugin [roughlyenoughitems]
[19:43:52] [Server thread/DEBUG] [REI] ========================================
[19:43:52] [Server thread/TRACE] [REI] [REICommonPlugin START] Reloading Section: "pre-register/"
[19:43:52] [Server thread/TRACE] [REI] [REICommonPlugin START] Reloading Section: "pre-register/DefaultPlugin of DefaultPlugin [roughlyenoughitems]/"
[19:43:52] [Server thread/TRACE] [REI] [REICommonPlugin START] Reloading Section: "pre-register/DefaultPlugin of DefaultPlugin [roughlyenoughitems]/" done in 779.2 μs
[19:43:52] [Server thread/TRACE] [REI] [REICommonPlugin START] Reloading Section: "pre-register/FabricFluidAPISupportPlugin/"
[19:43:52] [Server thread/TRACE] [REI] [REICommonPlugin START] Reloading Section: "pre-register/FabricFluidAPISupportPlugin/" done in 58.65 μs
[19:43:52] [Server thread/TRACE] [REI] [REICommonPlugin START] Reloading Section: "pre-register/DefaultRuntimePlugin of DefaultRuntimePlugin [roughlyenoughitems]/"
[19:43:52] [Server thread/TRACE] [REI] [REICommonPlugin START] Reloading Section: "pre-register/DefaultRuntimePlugin of DefaultRuntimePlugin [roughlyenoughitems]/" done in 56.81 μs
[19:43:52] [Server thread/TRACE] [REI] [REICommonPlugin START] Reloading Section: "pre-register/" done in 6.350 ms
[19:43:52] [Server thread/TRACE] [REI] [REICommonPlugin START] Reloading Section: "pre-stage/"
[19:43:52] [Server thread/TRACE] [REI] [REICommonPlugin START] Reloading Section: "pre-stage/SlotAccessorRegistryImpl/"
[19:43:52] [Server thread/TRACE] [REI] [REICommonPlugin START] Reloading Section: "pre-stage/SlotAccessorRegistryImpl/" done in 233.7 μs
[19:43:52] [Server thread/TRACE] [REI] [REICommonPlugin START] Reloading Section: "pre-stage/EntryTypeRegistryImpl/"
[19:43:52] [Server thread/TRACE] [REI] [REICommonPlugin START] Reloading Section: "pre-stage/EntryTypeRegistryImpl/" done in 54.53 μs
[19:43:52] [Server thread/TRACE] [REI] [REICommonPlugin START] Reloading Section: "pre-stage/EntrySettingsAdapterRegistryImpl/"
[19:43:52] [Server thread/TRACE] [REI] [REICommonPlugin START] Reloading Section: "pre-stage/EntrySettingsAdapterRegistryImpl/" done in 49.23 μs
[19:43:52] [Server thread/TRACE] [REI] [REICommonPlugin START] Reloading Section: "pre-stage/ItemComparatorRegistryImpl/"
[19:43:52] [Server thread/TRACE] [REI] [REICommonPlugin START] Reloading Section: "pre-stage/ItemComparatorRegistryImpl/" done in 53.35 μs
[19:43:52] [Server thread/TRACE] [REI] [REICommonPlugin START] Reloading Section: "pre-stage/FluidComparatorRegistryImpl/"
[19:43:52] [Server thread/TRACE] [REI] [REICommonPlugin START] Reloading Section: "pre-stage/FluidComparatorRegistryImpl/" done in 70.67 μs
[19:43:52] [Server thread/TRACE] [REI] [REICommonPlugin START] Reloading Section: "pre-stage/DisplaySerializerRegistryImpl/"
[19:43:52] [Server thread/TRACE] [REI] [REICommonPlugin START] Reloading Section: "pre-stage/DisplaySerializerRegistryImpl/" done in 61.37 μs
[19:43:52] [Server thread/TRACE] [REI] [REICommonPlugin START] Reloading Section: "pre-stage/ServerDisplayRegistryImpl/"
[19:43:52] [Server thread/TRACE] [REI] [REICommonPlugin START] Reloading Section: "pre-stage/ServerDisplayRegistryImpl/" done in 66.38 μs
[19:43:52] [Server thread/TRACE] [REI] [REICommonPlugin START] Reloading Section: "pre-stage/FluidSupportProviderImpl/"
[19:43:52] [Server thread/TRACE] [REI] [REICommonPlugin START] Reloading Section: "pre-stage/FluidSupportProviderImpl/" done in 55.56 μs
[19:43:52] [Server thread/TRACE] [REI] [REICommonPlugin START] Reloading Section: "pre-stage/" done in 1.841 ms
[19:43:52] [Server thread/DEBUG] [REI] ========================================
[19:43:52] [Server thread/DEBUG] [REI] REICommonPlugin finished pre-reload for START in 8.658 ms.
[19:43:52] [Server thread/DEBUG] [REI] ========================================
[19:43:52] [Server thread/INFO] [REI] ----------------------------------------
[19:43:52] [Server thread/INFO] [REI] REICommonPlugin starting main-reload for START.
[19:43:52] [Server thread/DEBUG] [REI] Reloadables (8):
[19:43:52] [Server thread/DEBUG] [REI]  - SlotAccessorRegistryImpl
[19:43:52] [Server thread/DEBUG] [REI]  - EntryTypeRegistryImpl
[19:43:52] [Server thread/DEBUG] [REI]  - EntrySettingsAdapterRegistryImpl
[19:43:52] [Server thread/DEBUG] [REI]  - ItemComparatorRegistryImpl
[19:43:52] [Server thread/DEBUG] [REI]  - FluidComparatorRegistryImpl
[19:43:52] [Server thread/DEBUG] [REI]  - DisplaySerializerRegistryImpl
[19:43:52] [Server thread/DEBUG] [REI]  - ServerDisplayRegistryImpl
[19:43:52] [Server thread/DEBUG] [REI]  - FluidSupportProviderImpl
[19:43:52] [Server thread/INFO] [REI] Plugins (3):
[19:43:52] [Server thread/INFO] [REI]  - (-100.00) DefaultPlugin of DefaultPlugin [roughlyenoughitems]
[19:43:52] [Server thread/INFO] [REI]  - (0.00) FabricFluidAPISupportPlugin
[19:43:52] [Server thread/INFO] [REI]  - (0.00) DefaultRuntimePlugin of DefaultRuntimePlugin [roughlyenoughitems]
[19:43:52] [Server thread/INFO] [REI] ----------------------------------------
[19:43:52] [Server thread/TRACE] [REI] [REICommonPlugin START] Reloading Section: "start-reload/"
[19:43:52] [Server thread/TRACE] [REI] [REICommonPlugin START] Reloading Section: "start-reload/SlotAccessorRegistryImpl/"
[19:43:52] [Server thread/TRACE] [REI] [REICommonPlugin START] Reloading Section: "start-reload/SlotAccessorRegistryImpl/" done in 84.28 μs
[19:43:52] [Server thread/TRACE] [REI] [REICommonPlugin START] Reloading Section: "start-reload/EntryTypeRegistryImpl/"
[19:43:52] [Server thread/TRACE] [REI] [REICommonPlugin START] Reloading Section: "start-reload/EntryTypeRegistryImpl/" done in 78.40 μs
[19:43:52] [Server thread/TRACE] [REI] [REICommonPlugin START] Reloading Section: "start-reload/EntrySettingsAdapterRegistryImpl/"
[19:43:52] [Server thread/TRACE] [REI] [REICommonPlugin START] Reloading Section: "start-reload/EntrySettingsAdapterRegistryImpl/" done in 1.153 ms
[19:43:52] [Server thread/TRACE] [REI] [REICommonPlugin START] Reloading Section: "start-reload/ItemComparatorRegistryImpl/"
[19:43:52] [Server thread/TRACE] [REI] [REICommonPlugin START] Reloading Section: "start-reload/ItemComparatorRegistryImpl/" done in 64.29 μs
[19:43:52] [Server thread/TRACE] [REI] [REICommonPlugin START] Reloading Section: "start-reload/FluidComparatorRegistryImpl/"
[19:43:52] [Server thread/TRACE] [REI] [REICommonPlugin START] Reloading Section: "start-reload/FluidComparatorRegistryImpl/" done in 41.18 μs
[19:43:52] [Server thread/TRACE] [REI] [REICommonPlugin START] Reloading Section: "start-reload/DisplaySerializerRegistryImpl/"
[19:43:52] [Server thread/TRACE] [REI] [REICommonPlugin START] Reloading Section: "start-reload/DisplaySerializerRegistryImpl/" done in 53.51 μs
[19:43:52] [Server thread/TRACE] [REI] [REICommonPlugin START] Reloading Section: "start-reload/ServerDisplayRegistryImpl/"
[19:43:52] [Server thread/TRACE] [REI] [REICommonPlugin START] Reloading Section: "start-reload/ServerDisplayRegistryImpl/" done in 50.96 μs
[19:43:52] [Server thread/TRACE] [REI] [REICommonPlugin START] Reloading Section: "start-reload/FluidSupportProviderImpl/"
[19:43:52] [Server thread/TRACE] [REI] [REICommonPlugin START] Reloading Section: "start-reload/FluidSupportProviderImpl/" done in 47.50 μs
[19:43:52] [Server thread/TRACE] [REI] [REICommonPlugin START] Reloading Section: "start-reload/" done in 2.617 ms
[19:43:52] [Server thread/DEBUG] [REI] ========================================
[19:43:52] [Server thread/DEBUG] [REI] REICommonPlugin started main-reload for START.
[19:43:52] [Server thread/DEBUG] [REI] ========================================
[19:43:52] [Server thread/TRACE] [REI] [REICommonPlugin START] Reloading Section: "reloadable-plugin/SlotAccessorRegistryImpl/"
[19:43:52] [Server thread/TRACE] [REI] [REICommonPlugin START] Reloading Section: "reloadable-plugin/SlotAccessorRegistryImpl/DefaultPlugin of DefaultPlugin [roughlyenoughitems]/"
[19:43:52] [Server thread/TRACE] [REI] [REICommonPlugin START] Reloading Section: "reloadable-plugin/SlotAccessorRegistryImpl/DefaultPlugin of DefaultPlugin [roughlyenoughitems]/" done in 426.7 μs
[19:43:52] [Server thread/TRACE] [REI] [REICommonPlugin START] Reloading Section: "reloadable-plugin/SlotAccessorRegistryImpl/FabricFluidAPISupportPlugin/"
[19:43:52] [Server thread/TRACE] [REI] [REICommonPlugin START] Reloading Section: "reloadable-plugin/SlotAccessorRegistryImpl/FabricFluidAPISupportPlugin/" done in 51.80 μs
[19:43:52] [Server thread/TRACE] [REI] [REICommonPlugin START] Reloading Section: "reloadable-plugin/SlotAccessorRegistryImpl/DefaultRuntimePlugin of DefaultRuntimePlugin [roughlyenoughitems]/"
[19:43:52] [Server thread/TRACE] [REI] [REICommonPlugin START] Reloading Section: "reloadable-plugin/SlotAccessorRegistryImpl/DefaultRuntimePlugin of DefaultRuntimePlugin [roughlyenoughitems]/" done in 53.45 μs
[19:43:52] [Server thread/TRACE] [REI] [REICommonPlugin START] Reloading Section: "reloadable-plugin/SlotAccessorRegistryImpl/" done in 1.770 ms
[19:43:52] [Server thread/TRACE] [REI] [REICommonPlugin START] Reloading Section: "reloadable-plugin/EntryTypeRegistryImpl/"
[19:43:52] [Server thread/TRACE] [REI] [REICommonPlugin START] Reloading Section: "reloadable-plugin/EntryTypeRegistryImpl/DefaultPlugin of DefaultPlugin [roughlyenoughitems]/"
[19:43:52] [Server thread/TRACE] [REI] [REICommonPlugin START] Reloading Section: "reloadable-plugin/EntryTypeRegistryImpl/DefaultPlugin of DefaultPlugin [roughlyenoughitems]/" done in 58.48 μs
[19:43:52] [Server thread/TRACE] [REI] [REICommonPlugin START] Reloading Section: "reloadable-plugin/EntryTypeRegistryImpl/FabricFluidAPISupportPlugin/"
[19:43:52] [Server thread/TRACE] [REI] [REICommonPlugin START] Reloading Section: "reloadable-plugin/EntryTypeRegistryImpl/FabricFluidAPISupportPlugin/" done in 44.87 μs
[19:43:52] [Server thread/TRACE] [REI] [REICommonPlugin START] Reloading Section: "reloadable-plugin/EntryTypeRegistryImpl/DefaultRuntimePlugin of DefaultRuntimePlugin [roughlyenoughitems]/"
[19:43:52] [Server thread/TRACE] [REI] [REICommonPlugin START] Reloading Section: "reloadable-plugin/EntryTypeRegistryImpl/DefaultRuntimePlugin of DefaultRuntimePlugin [roughlyenoughitems]/" done in 4.477 ms
[19:43:52] [Server thread/TRACE] [REI] [REICommonPlugin START] Reloading Section: "reloadable-plugin/EntryTypeRegistryImpl/" done in 5.082 ms
[19:43:52] [Server thread/TRACE] [REI] [REICommonPlugin START] Reloading Section: "reloadable-plugin/EntrySettingsAdapterRegistryImpl/"
[19:43:52] [Server thread/TRACE] [REI] [REICommonPlugin START] Reloading Section: "reloadable-plugin/EntrySettingsAdapterRegistryImpl/DefaultPlugin of DefaultPlugin [roughlyenoughitems]/"
[19:43:52] [Server thread/TRACE] [REI] [REICommonPlugin START] Reloading Section: "reloadable-plugin/EntrySettingsAdapterRegistryImpl/DefaultPlugin of DefaultPlugin [roughlyenoughitems]/" done in 65.35 μs
[19:43:52] [Server thread/TRACE] [REI] [REICommonPlugin START] Reloading Section: "reloadable-plugin/EntrySettingsAdapterRegistryImpl/FabricFluidAPISupportPlugin/"
[19:43:52] [Server thread/TRACE] [REI] [REICommonPlugin START] Reloading Section: "reloadable-plugin/EntrySettingsAdapterRegistryImpl/FabricFluidAPISupportPlugin/" done in 46.95 μs
[19:43:52] [Server thread/TRACE] [REI] [REICommonPlugin START] Reloading Section: "reloadable-plugin/EntrySettingsAdapterRegistryImpl/DefaultRuntimePlugin of DefaultRuntimePlugin [roughlyenoughitems]/"
[19:43:52] [Server thread/TRACE] [REI] [REICommonPlugin START] Reloading Section: "reloadable-plugin/EntrySettingsAdapterRegistryImpl/DefaultRuntimePlugin of DefaultRuntimePlugin [roughlyenoughitems]/" done in 53.31 μs
[19:43:52] [Server thread/TRACE] [REI] [REICommonPlugin START] Reloading Section: "reloadable-plugin/EntrySettingsAdapterRegistryImpl/" done in 574.7 μs
[19:43:52] [Server thread/TRACE] [REI] [REICommonPlugin START] Reloading Section: "reloadable-plugin/ItemComparatorRegistryImpl/"
[19:43:52] [Server thread/TRACE] [REI] [REICommonPlugin START] Reloading Section: "reloadable-plugin/ItemComparatorRegistryImpl/DefaultPlugin of DefaultPlugin [roughlyenoughitems]/"
[19:43:52] [Server thread/TRACE] [REI] [REICommonPlugin START] Reloading Section: "reloadable-plugin/ItemComparatorRegistryImpl/DefaultPlugin of DefaultPlugin [roughlyenoughitems]/" done in 661.2 μs
[19:43:52] [Server thread/TRACE] [REI] [REICommonPlugin START] Reloading Section: "reloadable-plugin/ItemComparatorRegistryImpl/FabricFluidAPISupportPlugin/"
[19:43:52] [Server thread/TRACE] [REI] [REICommonPlugin START] Reloading Section: "reloadable-plugin/ItemComparatorRegistryImpl/FabricFluidAPISupportPlugin/" done in 101.3 μs
[19:43:52] [Server thread/TRACE] [REI] [REICommonPlugin START] Reloading Section: "reloadable-plugin/ItemComparatorRegistryImpl/DefaultRuntimePlugin of DefaultRuntimePlugin [roughlyenoughitems]/"
[19:43:52] [Server thread/TRACE] [REI] [REICommonPlugin START] Reloading Section: "reloadable-plugin/ItemComparatorRegistryImpl/DefaultRuntimePlugin of DefaultRuntimePlugin [roughlyenoughitems]/" done in 62.92 μs
[19:43:52] [Server thread/TRACE] [REI] [REICommonPlugin START] Reloading Section: "reloadable-plugin/ItemComparatorRegistryImpl/" done in 1.500 ms
[19:43:52] [Server thread/TRACE] [REI] [REICommonPlugin START] Reloading Section: "reloadable-plugin/FluidComparatorRegistryImpl/"
[19:43:52] [Server thread/TRACE] [REI] [REICommonPlugin START] Reloading Section: "reloadable-plugin/FluidComparatorRegistryImpl/DefaultPlugin of DefaultPlugin [roughlyenoughitems]/"
[19:43:52] [Server thread/TRACE] [REI] [REICommonPlugin START] Reloading Section: "reloadable-plugin/FluidComparatorRegistryImpl/DefaultPlugin of DefaultPlugin [roughlyenoughitems]/" done in 63.25 μs
[19:43:52] [Server thread/TRACE] [REI] [REICommonPlugin START] Reloading Section: "reloadable-plugin/FluidComparatorRegistryImpl/FabricFluidAPISupportPlugin/"
[19:43:52] [Server thread/TRACE] [REI] [REICommonPlugin START] Reloading Section: "reloadable-plugin/FluidComparatorRegistryImpl/FabricFluidAPISupportPlugin/" done in 81.69 μs
[19:43:52] [Server thread/TRACE] [REI] [REICommonPlugin START] Reloading Section: "reloadable-plugin/FluidComparatorRegistryImpl/DefaultRuntimePlugin of DefaultRuntimePlugin [roughlyenoughitems]/"
[19:43:52] [Server thread/TRACE] [REI] [REICommonPlugin START] Reloading Section: "reloadable-plugin/FluidComparatorRegistryImpl/DefaultRuntimePlugin of DefaultRuntimePlugin [roughlyenoughitems]/" done in 52.79 μs
[19:43:52] [Server thread/TRACE] [REI] [REICommonPlugin START] Reloading Section: "reloadable-plugin/FluidComparatorRegistryImpl/" done in 605.0 μs
[19:43:52] [Server thread/TRACE] [REI] [REICommonPlugin START] Reloading Section: "reloadable-plugin/DisplaySerializerRegistryImpl/"
[19:43:52] [Server thread/TRACE] [REI] [REICommonPlugin START] Reloading Section: "reloadable-plugin/DisplaySerializerRegistryImpl/DefaultPlugin of DefaultPlugin [roughlyenoughitems]/"
[19:43:52] [Server thread/DEBUG] [REI] Added display serializer [minecraft:client/crafting/shaped] me.shedaniel.rei.api.common.display.DisplaySerializer$1@7ca3e151
[19:43:52] [Server thread/DEBUG] [REI] Added display serializer [minecraft:client/crafting/shapeless] me.shedaniel.rei.api.common.display.DisplaySerializer$1@4689286b
[19:43:52] [Server thread/DEBUG] [REI] Added display serializer [minecraft:client/smelting] me.shedaniel.rei.api.common.display.DisplaySerializer$1@39e20c58
[19:43:52] [Server thread/DEBUG] [REI] Added display serializer [minecraft:client/smoking] me.shedaniel.rei.api.common.display.DisplaySerializer$1@4644e401
[19:43:52] [Server thread/DEBUG] [REI] Added display serializer [minecraft:client/blasting] me.shedaniel.rei.api.common.display.DisplaySerializer$1@1bc123dc
[19:43:52] [Server thread/DEBUG] [REI] Added display serializer [minecraft:default/crafting/shaped] me.shedaniel.rei.api.common.display.DisplaySerializer$1@3019f97
[19:43:52] [Server thread/DEBUG] [REI] Added display serializer [minecraft:default/crafting/shapeless] me.shedaniel.rei.api.common.display.DisplaySerializer$1@3738ba3b
[19:43:52] [Server thread/DEBUG] [REI] Added display serializer [minecraft:default/crafting/custom] me.shedaniel.rei.api.common.display.DisplaySerializer$1@36633c70
[19:43:52] [Server thread/DEBUG] [REI] Added display serializer [minecraft:default/crafting/custom_shaped] me.shedaniel.rei.api.common.display.DisplaySerializer$1@5f922156
[19:43:52] [Server thread/DEBUG] [REI] Added display serializer [minecraft:default/crafting/custom_shapeless] me.shedaniel.rei.api.common.display.DisplaySerializer$1@54d99bc5
[19:43:52] [Server thread/DEBUG] [REI] Added display serializer [minecraft:extension/crafting/map_extending] me.shedaniel.rei.api.common.display.DisplaySerializer$1@30cf7146
[19:43:52] [Server thread/DEBUG] [REI] Added display serializer [minecraft:default/smelting] me.shedaniel.rei.api.common.display.DisplaySerializer$1@182f9393
[19:43:52] [Server thread/DEBUG] [REI] Added display serializer [minecraft:default/smoking] me.shedaniel.rei.api.common.display.DisplaySerializer$1@469e75b2
[19:43:52] [Server thread/DEBUG] [REI] Added display serializer [minecraft:default/blasting] me.shedaniel.rei.api.common.display.DisplaySerializer$1@1f3ad6d7
[19:43:52] [Server thread/DEBUG] [REI] Added display serializer [minecraft:default/campfire] me.shedaniel.rei.api.common.display.DisplaySerializer$1@280c4a22
[19:43:52] [Server thread/DEBUG] [REI] Added display serializer [minecraft:default/stone_cutting] me.shedaniel.rei.api.common.display.DisplaySerializer$1@3c146d28
[19:43:52] [Server thread/DEBUG] [REI] Added display serializer [minecraft:default/stripping] me.shedaniel.rei.api.common.display.DisplaySerializer$1@3c2c6f5c
[19:43:52] [Server thread/DEBUG] [REI] Added display serializer [minecraft:default/brewing] me.shedaniel.rei.api.common.display.DisplaySerializer$1@2be1566d
[19:43:52] [Server thread/DEBUG] [REI] Added display serializer [minecraft:default/composting] me.shedaniel.rei.api.common.display.DisplaySerializer$1@603e9f65
[19:43:52] [Server thread/DEBUG] [REI] Added display serializer [minecraft:default/fuel] me.shedaniel.rei.api.common.display.DisplaySerializer$1@1f918432
[19:43:52] [Server thread/DEBUG] [REI] Added display serializer [minecraft:default/smithing] me.shedaniel.rei.api.common.display.DisplaySerializer$1@58f1b993
[19:43:52] [Server thread/DEBUG] [REI] Added display serializer [minecraft:default/smithing/trimming] me.shedaniel.rei.api.common.display.DisplaySerializer$1@5f577ec4
[19:43:52] [Server thread/DEBUG] [REI] Added display serializer [minecraft:default/anvil] me.shedaniel.rei.api.common.display.DisplaySerializer$1@262ea3af
[19:43:52] [Server thread/DEBUG] [REI] Added display serializer [minecraft:default/beacon_base] me.shedaniel.rei.api.common.display.DisplaySerializer$1@12594ad6
[19:43:52] [Server thread/DEBUG] [REI] Added display serializer [minecraft:default/beacon_payment] me.shedaniel.rei.api.common.display.DisplaySerializer$1@18891429
[19:43:52] [Server thread/DEBUG] [REI] Added display serializer [minecraft:default/tilling] me.shedaniel.rei.api.common.display.DisplaySerializer$1@665d0ee5
[19:43:52] [Server thread/DEBUG] [REI] Added display serializer [minecraft:default/pathing] me.shedaniel.rei.api.common.display.DisplaySerializer$1@6ac38223
[19:43:52] [Server thread/DEBUG] [REI] Added display serializer [minecraft:default/waxing] me.shedaniel.rei.api.common.display.DisplaySerializer$1@375572d7
[19:43:52] [Server thread/DEBUG] [REI] Added display serializer [minecraft:default/waxing_scraping] me.shedaniel.rei.api.common.display.DisplaySerializer$1@16270ff6
[19:43:52] [Server thread/DEBUG] [REI] Added display serializer [minecraft:default/oxidizing] me.shedaniel.rei.api.common.display.DisplaySerializer$1@30719247
[19:43:52] [Server thread/DEBUG] [REI] Added display serializer [minecraft:default/oxidizing_scraping] me.shedaniel.rei.api.common.display.DisplaySerializer$1@53ae2d24
[19:43:52] [Server thread/DEBUG] [REI] Added display serializer [roughlyenoughitems:default/information] me.shedaniel.rei.api.common.display.DisplaySerializer$1@2b0b2c08
[19:43:52] [Server thread/TRACE] [REI] [REICommonPlugin START] Reloading Section: "reloadable-plugin/DisplaySerializerRegistryImpl/DefaultPlugin of DefaultPlugin [roughlyenoughitems]/" done in 46.75 ms
[19:43:52] [Server thread/TRACE] [REI] [REICommonPlugin START] Reloading Section: "reloadable-plugin/DisplaySerializerRegistryImpl/FabricFluidAPISupportPlugin/"
[19:43:52] [Server thread/TRACE] [REI] [REICommonPlugin START] Reloading Section: "reloadable-plugin/DisplaySerializerRegistryImpl/FabricFluidAPISupportPlugin/" done in 55.55 μs
[19:43:52] [Server thread/TRACE] [REI] [REICommonPlugin START] Reloading Section: "reloadable-plugin/DisplaySerializerRegistryImpl/DefaultRuntimePlugin of DefaultRuntimePlugin [roughlyenoughitems]/"
[19:43:52] [Server thread/TRACE] [REI] [REICommonPlugin START] Reloading Section: "reloadable-plugin/DisplaySerializerRegistryImpl/DefaultRuntimePlugin of DefaultRuntimePlugin [roughlyenoughitems]/" done in 49.42 μs
[19:43:52] [Server thread/TRACE] [REI] [REICommonPlugin START] Reloading Section: "reloadable-plugin/DisplaySerializerRegistryImpl/" done in 47.32 ms
[19:43:52] [Server thread/TRACE] [REI] [REICommonPlugin START] Reloading Section: "reloadable-plugin/ServerDisplayRegistryImpl/"
[19:43:52] [Server thread/TRACE] [REI] [REICommonPlugin START] Reloading Section: "reloadable-plugin/ServerDisplayRegistryImpl/DefaultPlugin of DefaultPlugin [roughlyenoughitems]/"
[19:43:52] [Server thread/TRACE] [REI] [REICommonPlugin START] Reloading Section: "reloadable-plugin/ServerDisplayRegistryImpl/DefaultPlugin of DefaultPlugin [roughlyenoughitems]/" done in 49.07 μs
[19:43:52] [Server thread/TRACE] [REI] [REICommonPlugin START] Reloading Section: "reloadable-plugin/ServerDisplayRegistryImpl/FabricFluidAPISupportPlugin/"
[19:43:52] [Server thread/TRACE] [REI] [REICommonPlugin START] Reloading Section: "reloadable-plugin/ServerDisplayRegistryImpl/FabricFluidAPISupportPlugin/" done in 71.85 μs
[19:43:52] [Server thread/TRACE] [REI] [REICommonPlugin START] Reloading Section: "reloadable-plugin/ServerDisplayRegistryImpl/DefaultRuntimePlugin of DefaultRuntimePlugin [roughlyenoughitems]/"
[19:43:52] [Server thread/TRACE] [REI] [REICommonPlugin START] Reloading Section: "reloadable-plugin/ServerDisplayRegistryImpl/DefaultRuntimePlugin of DefaultRuntimePlugin [roughlyenoughitems]/" done in 40.87 μs
[19:43:52] [Server thread/TRACE] [REI] [REICommonPlugin START] Reloading Section: "reloadable-plugin/ServerDisplayRegistryImpl/" done in 515.8 μs
[19:43:52] [Server thread/TRACE] [REI] [REICommonPlugin START] Reloading Section: "reloadable-plugin/FluidSupportProviderImpl/"
[19:43:52] [Server thread/TRACE] [REI] [REICommonPlugin START] Reloading Section: "reloadable-plugin/FluidSupportProviderImpl/DefaultPlugin of DefaultPlugin [roughlyenoughitems]/"
[19:43:52] [Server thread/TRACE] [REI] [REICommonPlugin START] Reloading Section: "reloadable-plugin/FluidSupportProviderImpl/DefaultPlugin of DefaultPlugin [roughlyenoughitems]/" done in 331.6 μs
[19:43:52] [Server thread/TRACE] [REI] [REICommonPlugin START] Reloading Section: "reloadable-plugin/FluidSupportProviderImpl/FabricFluidAPISupportPlugin/"
[19:43:52] [Server thread/TRACE] [REI] [REICommonPlugin START] Reloading Section: "reloadable-plugin/FluidSupportProviderImpl/FabricFluidAPISupportPlugin/" done in 205.8 μs
[19:43:52] [Server thread/TRACE] [REI] [REICommonPlugin START] Reloading Section: "reloadable-plugin/FluidSupportProviderImpl/DefaultRuntimePlugin of DefaultRuntimePlugin [roughlyenoughitems]/"
[19:43:52] [Server thread/TRACE] [REI] [REICommonPlugin START] Reloading Section: "reloadable-plugin/FluidSupportProviderImpl/DefaultRuntimePlugin of DefaultRuntimePlugin [roughlyenoughitems]/" done in 47.17 μs
[19:43:52] [Server thread/TRACE] [REI] [REICommonPlugin START] Reloading Section: "reloadable-plugin/FluidSupportProviderImpl/" done in 1.020 ms
[19:43:52] [Server thread/DEBUG] [REI] ========================================
[19:43:52] [Server thread/DEBUG] [REI] REICommonPlugin ending main-reload for START.
[19:43:52] [Server thread/DEBUG] [REI] ========================================
[19:43:52] [Server thread/TRACE] [REI] [REICommonPlugin START] Reloading Section: "end-reload/"
[19:43:52] [Server thread/TRACE] [REI] [REICommonPlugin START] Reloading Section: "end-reload/SlotAccessorRegistryImpl/"
[19:43:52] [Server thread/TRACE] [REI] [REICommonPlugin START] Reloading Section: "end-reload/SlotAccessorRegistryImpl/" done in 58.54 μs
[19:43:52] [Server thread/TRACE] [REI] [REICommonPlugin START] Reloading Section: "end-reload/EntryTypeRegistryImpl/"
[19:43:52] [Server thread/TRACE] [REI] [REICommonPlugin START] Reloading Section: "end-reload/EntryTypeRegistryImpl/" done in 40.46 μs
[19:43:52] [Server thread/TRACE] [REI] [REICommonPlugin START] Reloading Section: "end-reload/EntrySettingsAdapterRegistryImpl/"
[19:43:52] [Server thread/TRACE] [REI] [REICommonPlugin START] Reloading Section: "end-reload/EntrySettingsAdapterRegistryImpl/" done in 35.72 μs
[19:43:52] [Server thread/TRACE] [REI] [REICommonPlugin START] Reloading Section: "end-reload/ItemComparatorRegistryImpl/"
[19:43:52] [Server thread/TRACE] [REI] [REICommonPlugin START] Reloading Section: "end-reload/ItemComparatorRegistryImpl/" done in 30.89 μs
[19:43:52] [Server thread/TRACE] [REI] [REICommonPlugin START] Reloading Section: "end-reload/FluidComparatorRegistryImpl/"
[19:43:52] [Server thread/TRACE] [REI] [REICommonPlugin START] Reloading Section: "end-reload/FluidComparatorRegistryImpl/" done in 28.63 μs
[19:43:52] [Server thread/TRACE] [REI] [REICommonPlugin START] Reloading Section: "end-reload/DisplaySerializerRegistryImpl/"
[19:43:52] [Server thread/TRACE] [REI] [REICommonPlugin START] Reloading Section: "end-reload/DisplaySerializerRegistryImpl/" done in 28.54 μs
[19:43:52] [Server thread/TRACE] [REI] [REICommonPlugin START] Reloading Section: "end-reload/ServerDisplayRegistryImpl/"
[19:43:52] [Server thread/TRACE] [REI] [REICommonPlugin START] Reloading Section: "end-reload/ServerDisplayRegistryImpl/" done in 27.84 μs
[19:43:52] [Server thread/TRACE] [REI] [REICommonPlugin START] Reloading Section: "end-reload/FluidSupportProviderImpl/"
[19:43:52] [Server thread/TRACE] [REI] [REICommonPlugin START] Reloading Section: "end-reload/FluidSupportProviderImpl/" done in 30.99 μs
[19:43:52] [Server thread/TRACE] [REI] [REICommonPlugin START] Reloading Section: "end-reload/" done in 967.3 μs
[19:43:52] [Server thread/DEBUG] [REI] ========================================
[19:43:52] [Server thread/DEBUG] [REI] REICommonPlugin ended main-reload for START in 66.83 ms.
[19:43:52] [Server thread/DEBUG] [REI] ========================================
[19:43:52] [Server thread/DEBUG] [REI] ========================================
[19:43:52] [Server thread/DEBUG] [REI] REICommonPlugin starting post-reload for START.
[19:43:52] [Server thread/DEBUG] [REI] Reloadables (8):
[19:43:52] [Server thread/DEBUG] [REI]  - SlotAccessorRegistryImpl
[19:43:52] [Server thread/DEBUG] [REI]  - EntryTypeRegistryImpl
[19:43:52] [Server thread/DEBUG] [REI]  - EntrySettingsAdapterRegistryImpl
[19:43:52] [Server thread/DEBUG] [REI]  - ItemComparatorRegistryImpl
[19:43:52] [Server thread/DEBUG] [REI]  - FluidComparatorRegistryImpl
[19:43:52] [Server thread/DEBUG] [REI]  - DisplaySerializerRegistryImpl
[19:43:52] [Server thread/DEBUG] [REI]  - ServerDisplayRegistryImpl
[19:43:52] [Server thread/DEBUG] [REI]  - FluidSupportProviderImpl
[19:43:52] [Server thread/DEBUG] [REI] Plugins (3):
[19:43:52] [Server thread/DEBUG] [REI]  - (-100.00) DefaultPlugin of DefaultPlugin [roughlyenoughitems]
[19:43:52] [Server thread/DEBUG] [REI]  - (0.00) FabricFluidAPISupportPlugin
[19:43:52] [Server thread/DEBUG] [REI]  - (0.00) DefaultRuntimePlugin of DefaultRuntimePlugin [roughlyenoughitems]
[19:43:52] [Server thread/DEBUG] [REI] ========================================
[19:43:52] [Server thread/TRACE] [REI] [REICommonPlugin START] Reloading Section: "post-register/"
[19:43:52] [Server thread/TRACE] [REI] [REICommonPlugin START] Reloading Section: "post-register/DefaultPlugin of DefaultPlugin [roughlyenoughitems]/"
[19:43:52] [Server thread/TRACE] [REI] [REICommonPlugin START] Reloading Section: "post-register/DefaultPlugin of DefaultPlugin [roughlyenoughitems]/" done in 214.3 μs
[19:43:52] [Server thread/TRACE] [REI] [REICommonPlugin START] Reloading Section: "post-register/FabricFluidAPISupportPlugin/"
[19:43:52] [Server thread/TRACE] [REI] [REICommonPlugin START] Reloading Section: "post-register/FabricFluidAPISupportPlugin/" done in 37.23 μs
[19:43:52] [Server thread/TRACE] [REI] [REICommonPlugin START] Reloading Section: "post-register/DefaultRuntimePlugin of DefaultRuntimePlugin [roughlyenoughitems]/"
[19:43:52] [Server thread/TRACE] [REI] [REICommonPlugin START] Reloading Section: "post-register/DefaultRuntimePlugin of DefaultRuntimePlugin [roughlyenoughitems]/" done in 48.14 μs
[19:43:52] [Server thread/TRACE] [REI] [REICommonPlugin START] Reloading Section: "post-register/" done in 798.8 μs
[19:43:52] [Server thread/TRACE] [REI] [REICommonPlugin START] Reloading Section: "post-stage/"
[19:43:52] [Server thread/TRACE] [REI] [REICommonPlugin START] Reloading Section: "post-stage/SlotAccessorRegistryImpl/"
[19:43:52] [Server thread/TRACE] [REI] [REICommonPlugin START] Reloading Section: "post-stage/SlotAccessorRegistryImpl/" done in 65.77 μs
[19:43:52] [Server thread/TRACE] [REI] [REICommonPlugin START] Reloading Section: "post-stage/EntryTypeRegistryImpl/"
[19:43:52] [Server thread/TRACE] [REI] [REICommonPlugin START] Reloading Section: "post-stage/EntryTypeRegistryImpl/" done in 74.51 μs
[19:43:52] [Server thread/TRACE] [REI] [REICommonPlugin START] Reloading Section: "post-stage/EntrySettingsAdapterRegistryImpl/"
[19:43:52] [Server thread/TRACE] [REI] [REICommonPlugin START] Reloading Section: "post-stage/EntrySettingsAdapterRegistryImpl/" done in 51.11 μs
[19:43:52] [Server thread/TRACE] [REI] [REICommonPlugin START] Reloading Section: "post-stage/ItemComparatorRegistryImpl/"
[19:43:52] [Server thread/TRACE] [REI] [REICommonPlugin START] Reloading Section: "post-stage/ItemComparatorRegistryImpl/" done in 53.22 μs
[19:43:52] [Server thread/TRACE] [REI] [REICommonPlugin START] Reloading Section: "post-stage/FluidComparatorRegistryImpl/"
[19:43:52] [Server thread/TRACE] [REI] [REICommonPlugin START] Reloading Section: "post-stage/FluidComparatorRegistryImpl/" done in 50.00 μs
[19:43:52] [Server thread/TRACE] [REI] [REICommonPlugin START] Reloading Section: "post-stage/DisplaySerializerRegistryImpl/"
[19:43:52] [Server thread/TRACE] [REI] [REICommonPlugin START] Reloading Section: "post-stage/DisplaySerializerRegistryImpl/" done in 48.94 μs
[19:43:52] [Server thread/TRACE] [REI] [REICommonPlugin START] Reloading Section: "post-stage/ServerDisplayRegistryImpl/"
[19:43:52] [Server thread/TRACE] [REI] [REICommonPlugin START] Reloading Section: "post-stage/ServerDisplayRegistryImpl/" done in 47.43 μs
[19:43:52] [Server thread/TRACE] [REI] [REICommonPlugin START] Reloading Section: "post-stage/FluidSupportProviderImpl/"
[19:43:52] [Server thread/TRACE] [REI] [REICommonPlugin START] Reloading Section: "post-stage/FluidSupportProviderImpl/" done in 41.98 μs
[19:43:52] [Server thread/TRACE] [REI] [REICommonPlugin START] Reloading Section: "post-stage/" done in 1.402 ms
[19:43:52] [Server thread/DEBUG] [REI] ========================================
[19:43:52] [Server thread/INFO] [REI] REICommonPlugin finished post-reload for START in 2.364 ms, totaling 77.83 ms.
[19:43:52] [Server thread/DEBUG] [REI] ========================================
[19:43:52] [Server thread/DEBUG] [REI] ========================================
[19:43:52] [Server thread/DEBUG] [REI] REICommonPlugin starting pre-reload for END.
[19:43:52] [Server thread/DEBUG] [REI] Reloadables (8):
[19:43:52] [Server thread/DEBUG] [REI]  - SlotAccessorRegistryImpl
[19:43:52] [Server thread/DEBUG] [REI]  - EntryTypeRegistryImpl
[19:43:52] [Server thread/DEBUG] [REI]  - EntrySettingsAdapterRegistryImpl
[19:43:52] [Server thread/DEBUG] [REI]  - ItemComparatorRegistryImpl
[19:43:52] [Server thread/DEBUG] [REI]  - FluidComparatorRegistryImpl
[19:43:52] [Server thread/DEBUG] [REI]  - DisplaySerializerRegistryImpl
[19:43:52] [Server thread/DEBUG] [REI]  - ServerDisplayRegistryImpl
[19:43:52] [Server thread/DEBUG] [REI]  - FluidSupportProviderImpl
[19:43:52] [Server thread/DEBUG] [REI] Plugins (3):
[19:43:52] [Server thread/DEBUG] [REI]  - (-100.00) DefaultPlugin of DefaultPlugin [roughlyenoughitems]
[19:43:52] [Server thread/DEBUG] [REI]  - (0.00) FabricFluidAPISupportPlugin
[19:43:52] [Server thread/DEBUG] [REI]  - (0.00) DefaultRuntimePlugin of DefaultRuntimePlugin [roughlyenoughitems]
[19:43:52] [Server thread/DEBUG] [REI] ========================================
[19:43:52] [Server thread/TRACE] [REI] [REICommonPlugin END] Reloading Section: "pre-register/"
[19:43:52] [Server thread/TRACE] [REI] [REICommonPlugin END] Reloading Section: "pre-register/DefaultPlugin of DefaultPlugin [roughlyenoughitems]/"
[19:43:52] [Server thread/TRACE] [REI] [REICommonPlugin END] Reloading Section: "pre-register/DefaultPlugin of DefaultPlugin [roughlyenoughitems]/" done in 50.19 μs
[19:43:52] [Server thread/TRACE] [REI] [REICommonPlugin END] Reloading Section: "pre-register/FabricFluidAPISupportPlugin/"
[19:43:52] [Server thread/TRACE] [REI] [REICommonPlugin END] Reloading Section: "pre-register/FabricFluidAPISupportPlugin/" done in 38.54 μs
[19:43:52] [Server thread/TRACE] [REI] [REICommonPlugin END] Reloading Section: "pre-register/DefaultRuntimePlugin of DefaultRuntimePlugin [roughlyenoughitems]/"
[19:43:52] [Server thread/TRACE] [REI] [REICommonPlugin END] Reloading Section: "pre-register/DefaultRuntimePlugin of DefaultRuntimePlugin [roughlyenoughitems]/" done in 62.74 μs
[19:43:52] [Server thread/TRACE] [REI] [REICommonPlugin END] Reloading Section: "pre-register/" done in 515.9 μs
[19:43:52] [Server thread/TRACE] [REI] [REICommonPlugin END] Reloading Section: "pre-stage/"
[19:43:52] [Server thread/TRACE] [REI] [REICommonPlugin END] Reloading Section: "pre-stage/SlotAccessorRegistryImpl/"
[19:43:52] [Server thread/TRACE] [REI] [REICommonPlugin END] Reloading Section: "pre-stage/SlotAccessorRegistryImpl/" done in 35.57 μs
[19:43:52] [Server thread/TRACE] [REI] [REICommonPlugin END] Reloading Section: "pre-stage/EntryTypeRegistryImpl/"
[19:43:52] [Server thread/TRACE] [REI] [REICommonPlugin END] Reloading Section: "pre-stage/EntryTypeRegistryImpl/" done in 35.21 μs
[19:43:52] [Server thread/TRACE] [REI] [REICommonPlugin END] Reloading Section: "pre-stage/EntrySettingsAdapterRegistryImpl/"
[19:43:52] [Server thread/TRACE] [REI] [REICommonPlugin END] Reloading Section: "pre-stage/EntrySettingsAdapterRegistryImpl/" done in 35.98 μs
[19:43:52] [Server thread/TRACE] [REI] [REICommonPlugin END] Reloading Section: "pre-stage/ItemComparatorRegistryImpl/"
[19:43:52] [Server thread/TRACE] [REI] [REICommonPlugin END] Reloading Section: "pre-stage/ItemComparatorRegistryImpl/" done in 34.55 μs
[19:43:52] [Server thread/TRACE] [REI] [REICommonPlugin END] Reloading Section: "pre-stage/FluidComparatorRegistryImpl/"
[19:43:52] [Server thread/TRACE] [REI] [REICommonPlugin END] Reloading Section: "pre-stage/FluidComparatorRegistryImpl/" done in 38.13 μs
[19:43:52] [Server thread/TRACE] [REI] [REICommonPlugin END] Reloading Section: "pre-stage/DisplaySerializerRegistryImpl/"
[19:43:52] [Server thread/TRACE] [REI] [REICommonPlugin END] Reloading Section: "pre-stage/DisplaySerializerRegistryImpl/" done in 25.88 μs
[19:43:52] [Server thread/TRACE] [REI] [REICommonPlugin END] Reloading Section: "pre-stage/ServerDisplayRegistryImpl/"
[19:43:52] [Server thread/TRACE] [REI] [REICommonPlugin END] Reloading Section: "pre-stage/ServerDisplayRegistryImpl/" done in 25.25 μs
[19:43:52] [Server thread/TRACE] [REI] [REICommonPlugin END] Reloading Section: "pre-stage/FluidSupportProviderImpl/"
[19:43:52] [Server thread/TRACE] [REI] [REICommonPlugin END] Reloading Section: "pre-stage/FluidSupportProviderImpl/" done in 103.1 μs
[19:43:52] [Server thread/TRACE] [REI] [REICommonPlugin END] Reloading Section: "pre-stage/" done in 1.205 ms
[19:43:52] [Server thread/DEBUG] [REI] ========================================
[19:43:52] [Server thread/DEBUG] [REI] REICommonPlugin finished pre-reload for END in 1.845 ms.
[19:43:52] [Server thread/DEBUG] [REI] ========================================
[19:43:52] [Server thread/INFO] [REI] OOOOOOOOOOOOOOOOOOOOOOOOOOOOOOOOOOOOOOOO
[19:43:52] [Server thread/INFO] [REI] REICommonPlugin starting main-reload for END.
[19:43:52] [Server thread/DEBUG] [REI] Reloadables (8):
[19:43:52] [Server thread/DEBUG] [REI]  - SlotAccessorRegistryImpl
[19:43:52] [Server thread/DEBUG] [REI]  - EntryTypeRegistryImpl
[19:43:52] [Server thread/DEBUG] [REI]  - EntrySettingsAdapterRegistryImpl
[19:43:52] [Server thread/DEBUG] [REI]  - ItemComparatorRegistryImpl
[19:43:52] [Server thread/DEBUG] [REI]  - FluidComparatorRegistryImpl
[19:43:52] [Server thread/DEBUG] [REI]  - DisplaySerializerRegistryImpl
[19:43:52] [Server thread/DEBUG] [REI]  - ServerDisplayRegistryImpl
[19:43:52] [Server thread/DEBUG] [REI]  - FluidSupportProviderImpl
[19:43:52] [Server thread/INFO] [REI] Plugins (3):
[19:43:52] [Server thread/INFO] [REI]  - (-100.00) DefaultPlugin of DefaultPlugin [roughlyenoughitems]
[19:43:52] [Server thread/INFO] [REI]  - (0.00) FabricFluidAPISupportPlugin
[19:43:52] [Server thread/INFO] [REI]  - (0.00) DefaultRuntimePlugin of DefaultRuntimePlugin [roughlyenoughitems]
[19:43:52] [Server thread/INFO] [REI] OOOOOOOOOOOOOOOOOOOOOOOOOOOOOOOOOOOOOOOO
[19:43:52] [Server thread/TRACE] [REI] [REICommonPlugin END] Reloading Section: "start-reload/"
[19:43:52] [Server thread/TRACE] [REI] [REICommonPlugin END] Reloading Section: "start-reload/SlotAccessorRegistryImpl/"
[19:43:52] [Server thread/TRACE] [REI] [REICommonPlugin END] Reloading Section: "start-reload/SlotAccessorRegistryImpl/" done in 46.07 μs
[19:43:52] [Server thread/TRACE] [REI] [REICommonPlugin END] Reloading Section: "start-reload/EntryTypeRegistryImpl/"
[19:43:52] [Server thread/TRACE] [REI] [REICommonPlugin END] Reloading Section: "start-reload/EntryTypeRegistryImpl/" done in 38.01 μs
[19:43:52] [Server thread/TRACE] [REI] [REICommonPlugin END] Reloading Section: "start-reload/EntrySettingsAdapterRegistryImpl/"
[19:43:52] [Server thread/TRACE] [REI] [REICommonPlugin END] Reloading Section: "start-reload/EntrySettingsAdapterRegistryImpl/" done in 42.97 μs
[19:43:52] [Server thread/TRACE] [REI] [REICommonPlugin END] Reloading Section: "start-reload/ItemComparatorRegistryImpl/"
[19:43:52] [Server thread/TRACE] [REI] [REICommonPlugin END] Reloading Section: "start-reload/ItemComparatorRegistryImpl/" done in 37.01 μs
[19:43:52] [Server thread/TRACE] [REI] [REICommonPlugin END] Reloading Section: "start-reload/FluidComparatorRegistryImpl/"
[19:43:52] [Server thread/TRACE] [REI] [REICommonPlugin END] Reloading Section: "start-reload/FluidComparatorRegistryImpl/" done in 35.26 μs
[19:43:52] [Server thread/TRACE] [REI] [REICommonPlugin END] Reloading Section: "start-reload/DisplaySerializerRegistryImpl/"
[19:43:52] [Server thread/TRACE] [REI] [REICommonPlugin END] Reloading Section: "start-reload/DisplaySerializerRegistryImpl/" done in 44.28 μs
[19:43:52] [Server thread/TRACE] [REI] [REICommonPlugin END] Reloading Section: "start-reload/ServerDisplayRegistryImpl/"
[19:43:52] [Server thread/TRACE] [REI] [REICommonPlugin END] Reloading Section: "start-reload/ServerDisplayRegistryImpl/" done in 87.23 μs
[19:43:52] [Server thread/TRACE] [REI] [REICommonPlugin END] Reloading Section: "start-reload/FluidSupportProviderImpl/"
[19:43:52] [Server thread/TRACE] [REI] [REICommonPlugin END] Reloading Section: "start-reload/FluidSupportProviderImpl/" done in 41.65 μs
[19:43:52] [Server thread/TRACE] [REI] [REICommonPlugin END] Reloading Section: "start-reload/" done in 1.250 ms
[19:43:52] [Server thread/DEBUG] [REI] ========================================
[19:43:52] [Server thread/DEBUG] [REI] REICommonPlugin started main-reload for END.
[19:43:52] [Server thread/DEBUG] [REI] ========================================
[19:43:52] [Server thread/TRACE] [REI] [REICommonPlugin END] Reloading Section: "reloadable-plugin/SlotAccessorRegistryImpl/"
[19:43:52] [Server thread/TRACE] [REI] [REICommonPlugin END] Reloading Section: "reloadable-plugin/SlotAccessorRegistryImpl/DefaultPlugin of DefaultPlugin [roughlyenoughitems]/"
[19:43:52] [Server thread/TRACE] [REI] [REICommonPlugin END] Reloading Section: "reloadable-plugin/SlotAccessorRegistryImpl/DefaultPlugin of DefaultPlugin [roughlyenoughitems]/" done in 60.42 μs
[19:43:52] [Server thread/TRACE] [REI] [REICommonPlugin END] Reloading Section: "reloadable-plugin/SlotAccessorRegistryImpl/FabricFluidAPISupportPlugin/"
[19:43:52] [Server thread/TRACE] [REI] [REICommonPlugin END] Reloading Section: "reloadable-plugin/SlotAccessorRegistryImpl/FabricFluidAPISupportPlugin/" done in 52.13 μs
[19:43:52] [Server thread/TRACE] [REI] [REICommonPlugin END] Reloading Section: "reloadable-plugin/SlotAccessorRegistryImpl/DefaultRuntimePlugin of DefaultRuntimePlugin [roughlyenoughitems]/"
[19:43:52] [Server thread/DEBUG] [REI] Added slot accessor serializer: me.shedaniel.rei.plugin.common.runtime.DefaultRuntimePlugin$1@52509055 [roughlyenoughitems:vanilla]
[19:43:52] [Server thread/DEBUG] [REI] Added slot accessor serializer: me.shedaniel.rei.plugin.common.runtime.DefaultRuntimePlugin$2@5f1d64d7 [roughlyenoughitems:player]
[19:43:52] [Server thread/TRACE] [REI] [REICommonPlugin END] Reloading Section: "reloadable-plugin/SlotAccessorRegistryImpl/DefaultRuntimePlugin of DefaultRuntimePlugin [roughlyenoughitems]/" done in 3.293 ms
[19:43:52] [Server thread/TRACE] [REI] [REICommonPlugin END] Reloading Section: "reloadable-plugin/SlotAccessorRegistryImpl/" done in 3.771 ms
[19:43:52] [Server thread/TRACE] [REI] [REICommonPlugin END] Reloading Section: "reloadable-plugin/EntryTypeRegistryImpl/"
[19:43:52] [Server thread/TRACE] [REI] [REICommonPlugin END] Reloading Section: "reloadable-plugin/EntryTypeRegistryImpl/DefaultPlugin of DefaultPlugin [roughlyenoughitems]/"
[19:43:52] [Server thread/TRACE] [REI] [REICommonPlugin END] Reloading Section: "reloadable-plugin/EntryTypeRegistryImpl/DefaultPlugin of DefaultPlugin [roughlyenoughitems]/" done in 39.72 μs
[19:43:52] [Server thread/TRACE] [REI] [REICommonPlugin END] Reloading Section: "reloadable-plugin/EntryTypeRegistryImpl/FabricFluidAPISupportPlugin/"
[19:43:52] [Server thread/TRACE] [REI] [REICommonPlugin END] Reloading Section: "reloadable-plugin/EntryTypeRegistryImpl/FabricFluidAPISupportPlugin/" done in 44.89 μs
[19:43:52] [Server thread/TRACE] [REI] [REICommonPlugin END] Reloading Section: "reloadable-plugin/EntryTypeRegistryImpl/DefaultRuntimePlugin of DefaultRuntimePlugin [roughlyenoughitems]/"
[19:43:52] [Server thread/TRACE] [REI] [REICommonPlugin END] Reloading Section: "reloadable-plugin/EntryTypeRegistryImpl/DefaultRuntimePlugin of DefaultRuntimePlugin [roughlyenoughitems]/" done in 40.62 μs
[19:43:52] [Server thread/TRACE] [REI] [REICommonPlugin END] Reloading Section: "reloadable-plugin/EntryTypeRegistryImpl/" done in 455.2 μs
[19:43:52] [Server thread/TRACE] [REI] [REICommonPlugin END] Reloading Section: "reloadable-plugin/EntrySettingsAdapterRegistryImpl/"
[19:43:52] [Server thread/TRACE] [REI] [REICommonPlugin END] Reloading Section: "reloadable-plugin/EntrySettingsAdapterRegistryImpl/DefaultPlugin of DefaultPlugin [roughlyenoughitems]/"
[19:43:52] [Server thread/TRACE] [REI] [REICommonPlugin END] Reloading Section: "reloadable-plugin/EntrySettingsAdapterRegistryImpl/DefaultPlugin of DefaultPlugin [roughlyenoughitems]/" done in 48.90 μs
[19:43:52] [Server thread/TRACE] [REI] [REICommonPlugin END] Reloading Section: "reloadable-plugin/EntrySettingsAdapterRegistryImpl/FabricFluidAPISupportPlugin/"
[19:43:52] [Server thread/TRACE] [REI] [REICommonPlugin END] Reloading Section: "reloadable-plugin/EntrySettingsAdapterRegistryImpl/FabricFluidAPISupportPlugin/" done in 40.46 μs
[19:43:52] [Server thread/TRACE] [REI] [REICommonPlugin END] Reloading Section: "reloadable-plugin/EntrySettingsAdapterRegistryImpl/DefaultRuntimePlugin of DefaultRuntimePlugin [roughlyenoughitems]/"
[19:43:52] [Server thread/TRACE] [REI] [REICommonPlugin END] Reloading Section: "reloadable-plugin/EntrySettingsAdapterRegistryImpl/DefaultRuntimePlugin of DefaultRuntimePlugin [roughlyenoughitems]/" done in 41.29 μs
[19:43:52] [Server thread/TRACE] [REI] [REICommonPlugin END] Reloading Section: "reloadable-plugin/EntrySettingsAdapterRegistryImpl/" done in 417.2 μs
[19:43:52] [Server thread/TRACE] [REI] [REICommonPlugin END] Reloading Section: "reloadable-plugin/ItemComparatorRegistryImpl/"
[19:43:52] [Server thread/TRACE] [REI] [REICommonPlugin END] Reloading Section: "reloadable-plugin/ItemComparatorRegistryImpl/DefaultPlugin of DefaultPlugin [roughlyenoughitems]/"
[19:43:52] [Server thread/TRACE] [REI] [REICommonPlugin END] Reloading Section: "reloadable-plugin/ItemComparatorRegistryImpl/DefaultPlugin of DefaultPlugin [roughlyenoughitems]/" done in 42.34 μs
[19:43:52] [Server thread/TRACE] [REI] [REICommonPlugin END] Reloading Section: "reloadable-plugin/ItemComparatorRegistryImpl/FabricFluidAPISupportPlugin/"
[19:43:52] [Server thread/TRACE] [REI] [REICommonPlugin END] Reloading Section: "reloadable-plugin/ItemComparatorRegistryImpl/FabricFluidAPISupportPlugin/" done in 39.16 μs
[19:43:52] [Server thread/TRACE] [REI] [REICommonPlugin END] Reloading Section: "reloadable-plugin/ItemComparatorRegistryImpl/DefaultRuntimePlugin of DefaultRuntimePlugin [roughlyenoughitems]/"
[19:43:52] [Server thread/TRACE] [REI] [REICommonPlugin END] Reloading Section: "reloadable-plugin/ItemComparatorRegistryImpl/DefaultRuntimePlugin of DefaultRuntimePlugin [roughlyenoughitems]/" done in 40.19 μs
[19:43:52] [Server thread/TRACE] [REI] [REICommonPlugin END] Reloading Section: "reloadable-plugin/ItemComparatorRegistryImpl/" done in 423.0 μs
[19:43:52] [Server thread/TRACE] [REI] [REICommonPlugin END] Reloading Section: "reloadable-plugin/FluidComparatorRegistryImpl/"
[19:43:52] [Server thread/TRACE] [REI] [REICommonPlugin END] Reloading Section: "reloadable-plugin/FluidComparatorRegistryImpl/DefaultPlugin of DefaultPlugin [roughlyenoughitems]/"
[19:43:52] [Server thread/TRACE] [REI] [REICommonPlugin END] Reloading Section: "reloadable-plugin/FluidComparatorRegistryImpl/DefaultPlugin of DefaultPlugin [roughlyenoughitems]/" done in 32.52 μs
[19:43:52] [Server thread/TRACE] [REI] [REICommonPlugin END] Reloading Section: "reloadable-plugin/FluidComparatorRegistryImpl/FabricFluidAPISupportPlugin/"
[19:43:52] [Server thread/TRACE] [REI] [REICommonPlugin END] Reloading Section: "reloadable-plugin/FluidComparatorRegistryImpl/FabricFluidAPISupportPlugin/" done in 38.70 μs
[19:43:52] [Server thread/TRACE] [REI] [REICommonPlugin END] Reloading Section: "reloadable-plugin/FluidComparatorRegistryImpl/DefaultRuntimePlugin of DefaultRuntimePlugin [roughlyenoughitems]/"
[19:43:52] [Server thread/TRACE] [REI] [REICommonPlugin END] Reloading Section: "reloadable-plugin/FluidComparatorRegistryImpl/DefaultRuntimePlugin of DefaultRuntimePlugin [roughlyenoughitems]/" done in 65.84 μs
[19:43:52] [Server thread/TRACE] [REI] [REICommonPlugin END] Reloading Section: "reloadable-plugin/FluidComparatorRegistryImpl/" done in 455.1 μs
[19:43:52] [Server thread/TRACE] [REI] [REICommonPlugin END] Reloading Section: "reloadable-plugin/DisplaySerializerRegistryImpl/"
[19:43:52] [Server thread/TRACE] [REI] [REICommonPlugin END] Reloading Section: "reloadable-plugin/DisplaySerializerRegistryImpl/DefaultPlugin of DefaultPlugin [roughlyenoughitems]/"
[19:43:52] [Server thread/TRACE] [REI] [REICommonPlugin END] Reloading Section: "reloadable-plugin/DisplaySerializerRegistryImpl/DefaultPlugin of DefaultPlugin [roughlyenoughitems]/" done in 39.28 μs
[19:43:52] [Server thread/TRACE] [REI] [REICommonPlugin END] Reloading Section: "reloadable-plugin/DisplaySerializerRegistryImpl/FabricFluidAPISupportPlugin/"
[19:43:52] [Server thread/TRACE] [REI] [REICommonPlugin END] Reloading Section: "reloadable-plugin/DisplaySerializerRegistryImpl/FabricFluidAPISupportPlugin/" done in 42.80 μs
[19:43:52] [Server thread/TRACE] [REI] [REICommonPlugin END] Reloading Section: "reloadable-plugin/DisplaySerializerRegistryImpl/DefaultRuntimePlugin of DefaultRuntimePlugin [roughlyenoughitems]/"
[19:43:52] [Server thread/TRACE] [REI] [REICommonPlugin END] Reloading Section: "reloadable-plugin/DisplaySerializerRegistryImpl/DefaultRuntimePlugin of DefaultRuntimePlugin [roughlyenoughitems]/" done in 77.80 μs
[19:43:52] [Server thread/TRACE] [REI] [REICommonPlugin END] Reloading Section: "reloadable-plugin/DisplaySerializerRegistryImpl/" done in 477.2 μs
[19:43:52] [Server thread/TRACE] [REI] [REICommonPlugin END] Reloading Section: "reloadable-plugin/ServerDisplayRegistryImpl/"
[19:43:52] [Server thread/TRACE] [REI] [REICommonPlugin END] Reloading Section: "reloadable-plugin/ServerDisplayRegistryImpl/DefaultPlugin of DefaultPlugin [roughlyenoughitems]/"
[19:43:52] [Server thread/DEBUG] [REI] Added display filter: me.shedaniel.rei.api.common.registry.display.DisplayConsumer$RecipeManagerConsumer$RecipeFillerBuilder$$Lambda/0x0000785f6d34e6b8@1b17e1a0
[19:43:52] [Server thread/DEBUG] [REI] Added display filter: me.shedaniel.rei.api.common.registry.display.DisplayConsumer$RecipeManagerConsumer$RecipeFillerBuilder$$Lambda/0x0000785f6d34e6b8@60a46894
[19:43:52] [Server thread/DEBUG] [REI] Added display filter: me.shedaniel.rei.api.common.registry.display.DisplayConsumer$RecipeManagerConsumer$RecipeFillerBuilder$$Lambda/0x0000785f6d34e6b8@332ab030
[19:43:52] [Server thread/DEBUG] [REI] Added display filter: me.shedaniel.rei.api.common.registry.display.DisplayConsumer$RecipeManagerConsumer$RecipeFillerBuilder$$Lambda/0x0000785f6d34e6b8@a91ce2
[19:43:52] [Server thread/DEBUG] [REI] Added display filter: me.shedaniel.rei.api.common.registry.display.DisplayConsumer$RecipeManagerConsumer$RecipeFillerBuilder$$Lambda/0x0000785f6d34e6b8@5389181d
[19:43:52] [Server thread/DEBUG] [REI] Added display filter: me.shedaniel.rei.api.common.registry.display.DisplayConsumer$RecipeManagerConsumer$RecipeFillerBuilder$$Lambda/0x0000785f6d34e6b8@9f1f0a7
[19:43:52] [Server thread/DEBUG] [REI] Added display filter: me.shedaniel.rei.api.common.registry.display.DisplayConsumer$RecipeManagerConsumer$RecipeFillerBuilder$$Lambda/0x0000785f6d34e6b8@3db0ffd
[19:43:52] [Server thread/DEBUG] [REI] Added display filter: me.shedaniel.rei.api.common.registry.display.DisplayConsumer$RecipeManagerConsumer$RecipeFillerBuilder$$Lambda/0x0000785f6d350000@777adfe4
[19:43:52] [Server thread/DEBUG] [REI] Added display filter: me.shedaniel.rei.api.common.registry.display.DisplayConsumer$RecipeManagerConsumer$RecipeFillerBuilder$$Lambda/0x0000785f6d350000@1550b859
[19:43:52] [Server thread/DEBUG] [REI] Added display filter: me.shedaniel.rei.api.common.registry.display.DisplayConsumer$RecipeManagerConsumer$RecipeFillerBuilder$$Lambda/0x0000785f6d350000@6407f675
[19:43:52] [Server thread/DEBUG] [REI] Added display filter: me.shedaniel.rei.api.common.registry.display.DisplayConsumer$RecipeManagerConsumer$RecipeFillerBuilder$$Lambda/0x0000785f6d350000@64c9cdf2
[19:43:52] [Server thread/DEBUG] [REI] Added display filter: me.shedaniel.rei.api.common.registry.display.DisplayConsumer$RecipeManagerConsumer$RecipeFillerBuilder$$Lambda/0x0000785f6d350000@45edab70
[19:43:52] [Server thread/DEBUG] [REI] Added display filter: me.shedaniel.rei.api.common.registry.display.DisplayConsumer$RecipeManagerConsumer$RecipeFillerBuilder$$Lambda/0x0000785f6d350000@55ef41e4
[19:43:52] [Server thread/DEBUG] [REI] Added display filter: me.shedaniel.rei.api.common.registry.display.DisplayConsumer$RecipeManagerConsumer$RecipeFillerBuilder$$Lambda/0x0000785f6d350000@e00b172
[19:43:52] [Server thread/DEBUG] [REI] Added display filter: me.shedaniel.rei.api.common.registry.display.DisplayConsumer$RecipeManagerConsumer$RecipeFillerBuilder$$Lambda/0x0000785f6d350000@240c5b1d
[19:43:52] [Server thread/DEBUG] [REI] Added display filter: me.shedaniel.rei.api.common.registry.display.DisplayConsumer$RecipeManagerConsumer$RecipeFillerBuilder$$Lambda/0x0000785f6d350000@c92c2c7
[19:43:52] [Server thread/TRACE] [REI] [REICommonPlugin END] Reloading Section: "reloadable-plugin/ServerDisplayRegistryImpl/DefaultPlugin of DefaultPlugin [roughlyenoughitems]/" done in 4.663 ms
[19:43:52] [Server thread/TRACE] [REI] [REICommonPlugin END] Reloading Section: "reloadable-plugin/ServerDisplayRegistryImpl/FabricFluidAPISupportPlugin/"
[19:43:52] [Server thread/TRACE] [REI] [REICommonPlugin END] Reloading Section: "reloadable-plugin/ServerDisplayRegistryImpl/FabricFluidAPISupportPlugin/" done in 49.91 μs
[19:43:52] [Server thread/TRACE] [REI] [REICommonPlugin END] Reloading Section: "reloadable-plugin/ServerDisplayRegistryImpl/DefaultRuntimePlugin of DefaultRuntimePlugin [roughlyenoughitems]/"
[19:43:52] [Server thread/TRACE] [REI] [REICommonPlugin END] Reloading Section: "reloadable-plugin/ServerDisplayRegistryImpl/DefaultRuntimePlugin of DefaultRuntimePlugin [roughlyenoughitems]/" done in 46.92 μs
[19:43:52] [Server thread/TRACE] [REI] [REICommonPlugin END] Reloading Section: "reloadable-plugin/ServerDisplayRegistryImpl/" done in 5.095 ms
[19:43:52] [Server thread/TRACE] [REI] [REICommonPlugin END] Reloading Section: "reloadable-plugin/FluidSupportProviderImpl/"
[19:43:52] [Server thread/TRACE] [REI] [REICommonPlugin END] Reloading Section: "reloadable-plugin/FluidSupportProviderImpl/DefaultPlugin of DefaultPlugin [roughlyenoughitems]/"
[19:43:52] [Server thread/TRACE] [REI] [REICommonPlugin END] Reloading Section: "reloadable-plugin/FluidSupportProviderImpl/DefaultPlugin of DefaultPlugin [roughlyenoughitems]/" done in 46.25 μs
[19:43:52] [Server thread/TRACE] [REI] [REICommonPlugin END] Reloading Section: "reloadable-plugin/FluidSupportProviderImpl/FabricFluidAPISupportPlugin/"
[19:43:52] [Server thread/TRACE] [REI] [REICommonPlugin END] Reloading Section: "reloadable-plugin/FluidSupportProviderImpl/FabricFluidAPISupportPlugin/" done in 44.59 μs
[19:43:52] [Server thread/TRACE] [REI] [REICommonPlugin END] Reloading Section: "reloadable-plugin/FluidSupportProviderImpl/DefaultRuntimePlugin of DefaultRuntimePlugin [roughlyenoughitems]/"
[19:43:52] [Server thread/TRACE] [REI] [REICommonPlugin END] Reloading Section: "reloadable-plugin/FluidSupportProviderImpl/DefaultRuntimePlugin of DefaultRuntimePlugin [roughlyenoughitems]/" done in 46.20 μs
[19:43:52] [Server thread/TRACE] [REI] [REICommonPlugin END] Reloading Section: "reloadable-plugin/FluidSupportProviderImpl/" done in 426.6 μs
[19:43:52] [Server thread/DEBUG] [REI] ========================================
[19:43:52] [Server thread/DEBUG] [REI] REICommonPlugin ending main-reload for END.
[19:43:52] [Server thread/DEBUG] [REI] ========================================
[19:43:52] [Server thread/TRACE] [REI] [REICommonPlugin END] Reloading Section: "end-reload/"
[19:43:52] [Server thread/TRACE] [REI] [REICommonPlugin END] Reloading Section: "end-reload/SlotAccessorRegistryImpl/"
[19:43:52] [Server thread/DEBUG] [REI] Registered 2 slot accessor serializers
[19:43:52] [Server thread/TRACE] [REI] [REICommonPlugin END] Reloading Section: "end-reload/SlotAccessorRegistryImpl/" done in 99.97 μs
[19:43:52] [Server thread/TRACE] [REI] [REICommonPlugin END] Reloading Section: "end-reload/EntryTypeRegistryImpl/"
[19:43:52] [Server thread/TRACE] [REI] [REICommonPlugin END] Reloading Section: "end-reload/EntryTypeRegistryImpl/" done in 44.79 μs
[19:43:52] [Server thread/TRACE] [REI] [REICommonPlugin END] Reloading Section: "end-reload/EntrySettingsAdapterRegistryImpl/"
[19:43:52] [Server thread/TRACE] [REI] [REICommonPlugin END] Reloading Section: "end-reload/EntrySettingsAdapterRegistryImpl/" done in 37.00 μs
[19:43:52] [Server thread/TRACE] [REI] [REICommonPlugin END] Reloading Section: "end-reload/ItemComparatorRegistryImpl/"
[19:43:52] [Server thread/TRACE] [REI] [REICommonPlugin END] Reloading Section: "end-reload/ItemComparatorRegistryImpl/" done in 53.63 μs
[19:43:52] [Server thread/TRACE] [REI] [REICommonPlugin END] Reloading Section: "end-reload/FluidComparatorRegistryImpl/"
[19:43:52] [Server thread/TRACE] [REI] [REICommonPlugin END] Reloading Section: "end-reload/FluidComparatorRegistryImpl/" done in 44.16 μs
[19:43:52] [Server thread/TRACE] [REI] [REICommonPlugin END] Reloading Section: "end-reload/DisplaySerializerRegistryImpl/"
[19:43:52] [Server thread/TRACE] [REI] [REICommonPlugin END] Reloading Section: "end-reload/DisplaySerializerRegistryImpl/" done in 39.18 μs
[19:43:52] [Server thread/TRACE] [REI] [REICommonPlugin END] Reloading Section: "end-reload/ServerDisplayRegistryImpl/"
[19:43:52] [Server thread/DEBUG] [REI] Found preliminary 0 displays
[19:43:52] [Server thread/DEBUG] [REI] Filled 2266 displays from recipe manager in 75.65 ms
[19:43:52] [Server thread/TRACE] [REI] [REICommonPlugin END] Reloading Section: "end-reload/ServerDisplayRegistryImpl/" done in 75.95 ms
[19:43:52] [Server thread/TRACE] [REI] [REICommonPlugin END] Reloading Section: "end-reload/FluidSupportProviderImpl/"
[19:43:52] [Server thread/TRACE] [REI] [REICommonPlugin END] Reloading Section: "end-reload/FluidSupportProviderImpl/" done in 70.10 μs
[19:43:52] [Server thread/TRACE] [REI] [REICommonPlugin END] Reloading Section: "end-reload/" done in 77.15 ms
[19:43:52] [Server thread/DEBUG] [REI] ========================================
[19:43:52] [Server thread/DEBUG] [REI] REICommonPlugin ended main-reload for END in 92.72 ms.
[19:43:52] [Server thread/DEBUG] [REI] ========================================
[19:43:52] [Server thread/DEBUG] [REI] ========================================
[19:43:52] [Server thread/DEBUG] [REI] REICommonPlugin starting post-reload for END.
[19:43:52] [Server thread/DEBUG] [REI] Reloadables (8):
[19:43:52] [Server thread/DEBUG] [REI]  - SlotAccessorRegistryImpl
[19:43:52] [Server thread/DEBUG] [REI]  - EntryTypeRegistryImpl
[19:43:52] [Server thread/DEBUG] [REI]  - EntrySettingsAdapterRegistryImpl
[19:43:52] [Server thread/DEBUG] [REI]  - ItemComparatorRegistryImpl
[19:43:52] [Server thread/DEBUG] [REI]  - FluidComparatorRegistryImpl
[19:43:52] [Server thread/DEBUG] [REI]  - DisplaySerializerRegistryImpl
[19:43:52] [Server thread/DEBUG] [REI]  - ServerDisplayRegistryImpl
[19:43:52] [Server thread/DEBUG] [REI]  - FluidSupportProviderImpl
[19:43:52] [Server thread/DEBUG] [REI] Plugins (3):
[19:43:52] [Server thread/DEBUG] [REI]  - (-100.00) DefaultPlugin of DefaultPlugin [roughlyenoughitems]
[19:43:52] [Server thread/DEBUG] [REI]  - (0.00) FabricFluidAPISupportPlugin
[19:43:52] [Server thread/DEBUG] [REI]  - (0.00) DefaultRuntimePlugin of DefaultRuntimePlugin [roughlyenoughitems]
[19:43:52] [Server thread/DEBUG] [REI] ========================================
[19:43:52] [Server thread/TRACE] [REI] [REICommonPlugin END] Reloading Section: "post-register/"
[19:43:52] [Server thread/TRACE] [REI] [REICommonPlugin END] Reloading Section: "post-register/DefaultPlugin of DefaultPlugin [roughlyenoughitems]/"
[19:43:52] [Server thread/TRACE] [REI] [REICommonPlugin END] Reloading Section: "post-register/DefaultPlugin of DefaultPlugin [roughlyenoughitems]/" done in 50.93 μs
[19:43:52] [Server thread/TRACE] [REI] [REICommonPlugin END] Reloading Section: "post-register/FabricFluidAPISupportPlugin/"
[19:43:52] [Server thread/TRACE] [REI] [REICommonPlugin END] Reloading Section: "post-register/FabricFluidAPISupportPlugin/" done in 119.2 μs
[19:43:52] [Server thread/TRACE] [REI] [REICommonPlugin END] Reloading Section: "post-register/DefaultRuntimePlugin of DefaultRuntimePlugin [roughlyenoughitems]/"
[19:43:52] [Server thread/TRACE] [REI] [REICommonPlugin END] Reloading Section: "post-register/DefaultRuntimePlugin of DefaultRuntimePlugin [roughlyenoughitems]/" done in 141.4 μs
[19:43:52] [Server thread/TRACE] [REI] [REICommonPlugin END] Reloading Section: "post-register/" done in 1.195 ms
[19:43:52] [Server thread/TRACE] [REI] [REICommonPlugin END] Reloading Section: "post-stage/"
[19:43:52] [Server thread/TRACE] [REI] [REICommonPlugin END] Reloading Section: "post-stage/SlotAccessorRegistryImpl/"
[19:43:52] [Server thread/TRACE] [REI] [REICommonPlugin END] Reloading Section: "post-stage/SlotAccessorRegistryImpl/" done in 119.1 μs
[19:43:52] [Server thread/TRACE] [REI] [REICommonPlugin END] Reloading Section: "post-stage/EntryTypeRegistryImpl/"
[19:43:52] [Server thread/TRACE] [REI] [REICommonPlugin END] Reloading Section: "post-stage/EntryTypeRegistryImpl/" done in 123.4 μs
[19:43:52] [Server thread/TRACE] [REI] [REICommonPlugin END] Reloading Section: "post-stage/EntrySettingsAdapterRegistryImpl/"
[19:43:52] [Server thread/TRACE] [REI] [REICommonPlugin END] Reloading Section: "post-stage/EntrySettingsAdapterRegistryImpl/" done in 175.9 μs
[19:43:52] [Server thread/TRACE] [REI] [REICommonPlugin END] Reloading Section: "post-stage/ItemComparatorRegistryImpl/"
[19:43:52] [Server thread/TRACE] [REI] [REICommonPlugin END] Reloading Section: "post-stage/ItemComparatorRegistryImpl/" done in 111.7 μs
[19:43:52] [Server thread/TRACE] [REI] [REICommonPlugin END] Reloading Section: "post-stage/FluidComparatorRegistryImpl/"
[19:43:52] [Server thread/TRACE] [REI] [REICommonPlugin END] Reloading Section: "post-stage/FluidComparatorRegistryImpl/" done in 107.9 μs
[19:43:52] [Server thread/TRACE] [REI] [REICommonPlugin END] Reloading Section: "post-stage/DisplaySerializerRegistryImpl/"
[19:43:52] [Server thread/TRACE] [REI] [REICommonPlugin END] Reloading Section: "post-stage/DisplaySerializerRegistryImpl/" done in 69.99 μs
[19:43:52] [Server thread/TRACE] [REI] [REICommonPlugin END] Reloading Section: "post-stage/ServerDisplayRegistryImpl/"
[19:43:52] [Server thread/TRACE] [REI] [REICommonPlugin END] Reloading Section: "post-stage/ServerDisplayRegistryImpl/" done in 48.46 μs
[19:43:52] [Server thread/TRACE] [REI] [REICommonPlugin END] Reloading Section: "post-stage/FluidSupportProviderImpl/"
[19:43:52] [Server thread/TRACE] [REI] [REICommonPlugin END] Reloading Section: "post-stage/FluidSupportProviderImpl/" done in 100.8 μs
[19:43:52] [Server thread/TRACE] [REI] [REICommonPlugin END] Reloading Section: "post-stage/" done in 2.436 ms
[19:43:52] [Server thread/DEBUG] [REI] ========================================
[19:43:52] [Server thread/INFO] [REI] REICommonPlugin finished post-reload for END in 3.919 ms, totaling 98.47 ms.
[19:43:52] [Server thread/DEBUG] [REI] ========================================
[19:43:53] [Server thread/DEBUG] [REI] Updating players with new displays version B6188FC100000001 [from B6188FC100000000]
[19:45:08] [Server thread/DEBUG] [REI] Player dotitwo has outdated displays version 0 [latest version: B6188FC100000001]
[19:45:08] [Server thread/DEBUG] [REI] Player dotitwo has outdated displays version 0 [latest version: B6188FC100000001], sending reset packet request.
[19:45:14] [Server thread/DEBUG] [REI] Player curbelio has outdated displays version 0 [latest version: B6188FC100000001]
[19:45:14] [Server thread/DEBUG] [REI] Player curbelio has outdated displays version 0 [latest version: B6188FC100000001], sending reset packet request.
